Removed Pin From Net: NetName=PF8 Pin=P2-31
Removed Pin From Net: NetName=PC1 Pin=P2-33
Removed Pin From Net: NetName=PC3 Pin=P2-34
Removed Pin From Net: NetName=PA0 Pin=P2-35
Removed Pin From Net: NetName=PC5 Pin=P2-38
Added Component: Designator=J1(KF128-5.08-16P)
Added Pin To Net: NetName=X10 Pin=J1-1
Added Pin To Net: NetName=X11 Pin=J1-2
Added Pin To Net: NetName=X12 Pin=J1-3
Added Pin To Net: NetName=X13 Pin=J1-4
Added Pin To Net: NetName=X14 Pin=J1-5
Added Pin To Net: NetName=X15 Pin=J1-6
Added Pin To Net: NetName=X16 Pin=J1-7
Added Pin To Net: NetName=X17 Pin=J1-8
Added Pin To Net: NetName=M Pin=J1-9
Added Pin To Net: NetName=A Pin=J1-11
Added Pin To Net: NetName=B Pin=J1-12
Added Pin To Net: NetName=Z Pin=J1-13
Added Pin To Net: NetName=GND Pin=J1-14
Added Pin To Net: NetName=COMX0 Pin=J1-15
Added Pin To Net: NetName=+3V3 Pin=J1-16
Change Class Name : Old Net Name=Designator New Net Name=STM32F103_开关量输出
Added Class: Name=STM32F103_开关量输入-TLP521
Added Class: Name=接口
Added Room: Name=STM32F103_开关量输入-TLP521
Added Room: Name=STM32F103_开关量输出
Added Room: Name=接口
