Added Pin To Net: NetName=PB4 Pin=P1-25
Added Pin To Net: NetName=PG15 Pin=P1-26
Added Pin To Net: NetName=PG13 Pin=P1-27
Added Pin To Net: NetName=PD6 Pin=P1-30
Added Pin To Net: NetName=PC7 Pin=P1-37
Added Pin To Net: NetName=GND Pin=P1-44
Added Pin To Net: NetName=PA13 Pin=P1-35
Added Net: Name=PA13
Added Pin To Net: NetName=PA15 Pin=P1-34
Added Net: Name=PA15
Added Pin To Net: NetName=PB6 Pin=P1-24
Added Net: Name=PB6
Added Pin To Net: NetName=PB15 Pin=P1-43
Added Net: Name=PB15
Added Pin To Net: NetName=PC9 Pin=P1-36
Added Net: Name=PC9
Added Pin To Net: NetName=PC11 Pin=P1-33
Added Net: Name=PC11
Added Pin To Net: NetName=PD2 Pin=P1-32
Added Net: Name=PD2
Added Pin To Net: NetName=PD4 Pin=P1-31
Added Net: Name=PD4
Added Pin To Net: NetName=PD12 Pin=P1-42
Added Net: Name=PD12
Added Pin To Net: NetName=PG2 Pin=P1-41
Added Net: Name=PG2
Added Pin To Net: NetName=PG4 Pin=P1-40
Added Net: Name=PG4
Added Pin To Net: NetName=PG6 Pin=P1-39
Added Net: Name=PG6
Added Pin To Net: NetName=PG8 Pin=P1-38
Added Net: Name=PG8
Added Pin To Net: NetName=PG9 Pin=P1-29
Added Net: Name=PG9
Added Pin To Net: NetName=PG11 Pin=P1-28
Added Net: Name=PG11
Added Room: Name=Designator
Added Room: Name=Designator
