Removed Member From Class: ClassName=Designator Member=JP11
Removed Member From Class: ClassName=Designator Member=JP?
Removed Member From Class: ClassName=Designator Member=P1
Removed Member From Class: ClassName=Designator Member=P2
Removed Member From Class: ClassName=Designator Member=R27
Removed Member From Class: ClassName=Designator Member=R28
Removed Member From Class: ClassName=Designator Member=R29
Removed Member From Class: ClassName=Designator Member=R30
Removed Member From Class: ClassName=Designator Member=R31
Removed Member From Class: ClassName=Designator Member=R32
Removed Member From Class: ClassName=Designator Member=R33
Change Component Footprint: Designator=C2 Old Footprint=CAP[0603] New Footprint=0603
Change Component Footprint: Designator=C3 Old Footprint=CAP[0603] New Footprint=0603
Change Component Footprint: Designator=C4 Old Footprint=CAP[0603] New Footprint=0603
Change Component Footprint: Designator=C5 Old Footprint=CAP[0603] New Footprint=0603
Change Component Footprint: Designator=C6 Old Footprint=CAP[0603] New Footprint=0603
Change Component Footprint: Designator=C7 Old Footprint=CAP[0603] New Footprint=0603
Change Component Footprint: Designator=C8 Old Footprint=CAP[0603] New Footprint=0603
Change Component Footprint: Designator=C9 Old Footprint=CAP[0603] New Footprint=0603
Change Component Footprint: Designator=C11 Old Footprint=CAP[0603] New Footprint=0603
Change Component Footprint: Designator=C12 Old Footprint=CAP[0603] New Footprint=0603
Change Component Footprint: Designator=C13 Old Footprint=CAP[0603] New Footprint=0603
Change Component Footprint: Designator=C10 Old Footprint=CAP[1206] New Footprint=0603
Change Component Footprint: Designator=U8 Old Footprint=H2.54-1X3 New Footprint=SOP4_PC817
Change Component Footprint: Designator=U6 Old Footprint=H2.54-1X4 New Footprint=SOP4_PC817
Change Component Footprint: Designator=U5 Old Footprint=H2.54-1X6 New Footprint=SOP4_PC817
Change Component Footprint: Designator=U2 Old Footprint=LQFP-144(0_5) New Footprint=SOP4_PC817
Change Component Footprint: Designator=U4 Old Footprint=NRF24L01 New Footprint=SOP4_PC817
Change Component Footprint: Designator=R34 Old Footprint=RES[0603] New Footprint=0603
Change Component Footprint: Designator=R35 Old Footprint=RES[0603] New Footprint=0603
Change Component Footprint: Designator=R36 Old Footprint=RES[0603] New Footprint=0603
Change Component Footprint: Designator=R37 Old Footprint=RES[0603] New Footprint=0603
Change Component Footprint: Designator=R38 Old Footprint=RES[0603] New Footprint=0603
Change Component Footprint: Designator=R39 Old Footprint=RES[0603] New Footprint=0603
Change Component Footprint: Designator=R40 Old Footprint=RES[0603] New Footprint=0603
Change Component Footprint: Designator=R41 Old Footprint=RES[0603] New Footprint=0603
Change Component Footprint: Designator=R42 Old Footprint=RES[0603] New Footprint=0603
Change Component Footprint: Designator=R43 Old Footprint=RES[0603] New Footprint=0603
Change Component Footprint: Designator=R44 Old Footprint=RES[0603] New Footprint=0603
Change Component Footprint: Designator=R45 Old Footprint=RES[0603] New Footprint=0603
Change Component Footprint: Designator=R46 Old Footprint=RES[0603] New Footprint=0603
Change Component Footprint: Designator=R47 Old Footprint=RES[0603] New Footprint=0603
Change Component Footprint: Designator=R48 Old Footprint=RES[0603] New Footprint=0603
Change Component Footprint: Designator=R49 Old Footprint=RES[0603] New Footprint=0603
Change Component Footprint: Designator=R62 Old Footprint=RES[0603] New Footprint=0603
Change Component Footprint: Designator=R63 Old Footprint=RES[0603] New Footprint=0603
Change Component Footprint: Designator=R64 Old Footprint=RES[0603] New Footprint=0603
Change Component Footprint: Designator=U11 Old Footprint=SO-8 New Footprint=DIP8_8601
Change Component Footprint: Designator=U7 Old Footprint=SO-8 New Footprint=SOP4_PC817
Change Component Footprint: Designator=U9 Old Footprint=SO-8 New Footprint=SOP4_PC817
Change Component Footprint: Designator=U10 Old Footprint=SOP-8_width New Footprint=DIP8_8601
Change Component Footprint: Designator=U3 Old Footprint=SOP-16 New Footprint=SOP4_PC817
Change Component Comment : Designator=R35 Old Comment=1.5K New Comment=2K
Change Component Comment : Designator=R36 Old Comment=1K New Comment=2K
Change Component Comment : Designator=R49 Old Comment=1K New Comment=6.2K
Change Component Comment : Designator=R37 Old Comment=1K New Comment=10K
Change Component Comment : Designator=R48 Old Comment=1K New Comment=10K
Change Component Comment : Designator=R41 Old Comment=1M New Comment=6.2K
Change Component Comment : Designator=R39 Old Comment=4.7K New Comment=6.2K
Change Component Comment : Designator=R40 Old Comment=4.7K New Comment=10K
Change Component Comment : Designator=R63 Old Comment=6.8k New Comment=470
Change Component Comment : Designator=R43 Old Comment=9.53K New Comment=2K
Change Component Comment : Designator=R62 Old Comment=10K New Comment=2K
Change Component Comment : Designator=R64 Old Comment=10K New Comment=2K
Change Component Comment : Designator=R47 Old Comment=10K New Comment=6.2K
Change Component Comment : Designator=C5 Old Comment=10pF New Comment=104
Change Component Comment : Designator=C6 Old Comment=10pF New Comment=104
Change Component Comment : Designator=R42 Old Comment=10R New Comment=10K
Change Component Comment : Designator=C11 Old Comment=10uF New Comment=102
Change Component Comment : Designator=C10 Old Comment=10uF New Comment=104
Change Component Comment : Designator=C8 Old Comment=22pF New Comment=104
Change Component Comment : Designator=C9 Old Comment=22pF New Comment=104
Change Component Comment : Designator=U11 Old Comment=24C02 New Comment=PS8601
Change Component Comment : Designator=R34 Old Comment=47K New Comment=10K
Change Component Comment : Designator=R45 Old Comment=49.9K New Comment=10K
Change Component Comment : Designator=R44 Old Comment=100K New Comment=2K
Change Component Comment : Designator=C13 Old Comment=104 New Comment=102
Change Component Comment : Designator=U5 Old Comment=ATK MODULE New Comment=PC814
Change Component Comment : Designator=U6 Old Comment=DHT11&DS18B20 New Comment=PC814
Change Component Comment : Designator=U8 Old Comment=HS0038 New Comment=PC814
Change Component Comment : Designator=U4 Old Comment=NRF24L01 New Comment=PC814
Change Component Comment : Designator=U3 Old Comment=SP3232 New Comment=PC814
Change Component Comment : Designator=U7 Old Comment=SP3485 New Comment=PC814
Change Component Comment : Designator=U2 Old Comment=STM32F103Z New Comment=PC814
Change Component Comment : Designator=U9 Old Comment=TJA1050 New Comment=PC814
Change Component Comment : Designator=U10 Old Comment=W25Q64 New Comment=PS8601
Change Component Designator: OldDesignator=D4 NewDesignator=D1
Change Component Designator: OldDesignator=D5 NewDesignator=D2
Change Component Designator: OldDesignator=D6 NewDesignator=D3
Change Component Designator: OldDesignator=D7 NewDesignator=D4
Change Component Designator: OldDesignator=D8 NewDesignator=D5
Change Component Designator: OldDesignator=D9 NewDesignator=D6
Change Component Designator: OldDesignator=D10 NewDesignator=D7
Change Component Designator: OldDesignator=D11 NewDesignator=D8
Change Component Designator: OldDesignator=JK5 NewDesignator=JK8
Change Component Designator: OldDesignator=JK6 NewDesignator=JK7
Change Component Designator: OldDesignator=JK7 NewDesignator=JK5
Change Component Designator: OldDesignator=JK8 NewDesignator=JK6
Change Component Designator: OldDesignator=JP1 NewDesignator=JP3
Change Component Designator: OldDesignator=JP2 NewDesignator=JP4
Change Component Designator: OldDesignator=JP3 NewDesignator=JP5
Change Component Designator: OldDesignator=JP4 NewDesignator=JP6
Change Component Designator: OldDesignator=JP5 NewDesignator=JP7
Change Component Designator: OldDesignator=JP6 NewDesignator=JP8
Change Component Designator: OldDesignator=JP7 NewDesignator=JP9
Change Component Designator: OldDesignator=JP8 NewDesignator=JP10
Change Component Designator: OldDesignator=JP11 NewDesignator=JP1
Change Component Designator: OldDesignator=JP? NewDesignator=JP2
Change Component Designator: OldDesignator=R1 NewDesignator=R3
Change Component Designator: OldDesignator=R2 NewDesignator=R4
Change Component Designator: OldDesignator=R3 NewDesignator=R5
Change Component Designator: OldDesignator=R4 NewDesignator=R14
Change Component Designator: OldDesignator=R7 NewDesignator=R15
Change Component Designator: OldDesignator=R9 NewDesignator=R16
Change Component Designator: OldDesignator=R10 NewDesignator=R17
Change Component Designator: OldDesignator=R11 NewDesignator=R18
Change Component Designator: OldDesignator=R12 NewDesignator=R19
Change Component Designator: OldDesignator=R13 NewDesignator=R20
Change Component Designator: OldDesignator=R14 NewDesignator=R21
Change Component Designator: OldDesignator=R15 NewDesignator=R22
Change Component Designator: OldDesignator=R16 NewDesignator=R23
Change Component Designator: OldDesignator=R17 NewDesignator=R24
Change Component Designator: OldDesignator=R18 NewDesignator=R25
Change Component Designator: OldDesignator=R19 NewDesignator=R26
Change Component Designator: OldDesignator=R24 NewDesignator=R6
Change Component Designator: OldDesignator=R25 NewDesignator=R7
Change Component Designator: OldDesignator=R26 NewDesignator=R8
Change Component Designator: OldDesignator=R27 NewDesignator=R9
Change Component Designator: OldDesignator=R28 NewDesignator=R10
Change Component Designator: OldDesignator=R29 NewDesignator=R11
Change Component Designator: OldDesignator=R30 NewDesignator=R12
Change Component Designator: OldDesignator=R31 NewDesignator=R13
Change Component Designator: OldDesignator=R32 NewDesignator=R2
Change Component Designator: OldDesignator=R33 NewDesignator=R1
Change component parameters: Designator = "C2" ("C2"); Footprint = "CAP[0603]"; UniqueID = "\UVGXEIAI" ("\UVGXEIAI")
Change component parameters: Designator = "C3" ("C3"); Footprint = "CAP[0603]"; UniqueID = "\HRFGSGWE" ("\HRFGSGWE")
Change component parameters: Designator = "C4" ("C4"); Footprint = "CAP[0603]"; UniqueID = "\DEDVWGQT" ("\DEDVWGQT")
Change component parameters: Designator = "C5" ("C5"); Footprint = "CAP[0603]"; UniqueID = "\KLBDTSPC" ("\KLBDTSPC")
Change component parameters: Designator = "C6" ("C6"); Footprint = "CAP[0603]"; UniqueID = "\EUUSYZCG" ("\EUUSYZCG")
Change component parameters: Designator = "C7" ("C7"); Footprint = "CAP[0603]"; UniqueID = "\KBLTTKNE" ("\KBLTTKNE")
Change component parameters: Designator = "C8" ("C8"); Footprint = "CAP[0603]"; UniqueID = "\CTREOKYO" ("\CTREOKYO")
Change component parameters: Designator = "C9" ("C9"); Footprint = "CAP[0603]"; UniqueID = "\DTAYUOVY" ("\DTAYUOVY")
Change component parameters: Designator = "C10" ("C10"); Footprint = "CAP[1206]"; UniqueID = "\NMKRYDBM" ("\NMKRYDBM")
Change component parameters: Designator = "C11" ("C11"); Footprint = "CAP[0603]"; UniqueID = "\MJOXABJE" ("\MJOXABJE")
Change component parameters: Designator = "C12" ("C12"); Footprint = "CAP[0603]"; UniqueID = "\ODWNRWGP" ("\ODWNRWGP")
Change component parameters: Designator = "C13" ("C13"); Footprint = "CAP[0603]"; UniqueID = "\MJDKMJNF" ("\MJDKMJNF")
Change component parameters: Designator = "R34" ("R34"); Footprint = "RES[0603]"; UniqueID = "\JIYBTSYM" ("\JIYBTSYM")
Change component parameters: Designator = "R35" ("R35"); Footprint = "RES[0603]"; UniqueID = "\ZHEALQAJ" ("\ZHEALQAJ")
Change component parameters: Designator = "R36" ("R36"); Footprint = "RES[0603]"; UniqueID = "\VAPTOQDD" ("\VAPTOQDD")
Change component parameters: Designator = "R37" ("R37"); Footprint = "RES[0603]"; UniqueID = "\GYNVOZIO" ("\GYNVOZIO")
Change component parameters: Designator = "R38" ("R38"); Footprint = "RES[0603]"; UniqueID = "\WDALHDOS" ("\WDALHDOS")
Change component parameters: Designator = "R39" ("R39"); Footprint = "RES[0603]"; UniqueID = "\VDBPKVZG" ("\VDBPKVZG")
Change component parameters: Designator = "R40" ("R40"); Footprint = "RES[0603]"; UniqueID = "\HUQUEDTH" ("\HUQUEDTH")
Change component parameters: Designator = "R41" ("R41"); Footprint = "RES[0603]"; UniqueID = "\FOHHJPTY" ("\FOHHJPTY")
Change component parameters: Designator = "R42" ("R42"); Footprint = "RES[0603]"; UniqueID = "\FKIVHKZR" ("\FKIVHKZR")
Change component parameters: Designator = "R43" ("R43"); Footprint = "RES[0603]"; UniqueID = "\KHJUNYIU" ("\KHJUNYIU")
Change component parameters: Designator = "R44" ("R44"); Footprint = "RES[0603]"; UniqueID = "\NGTYJHZM" ("\NGTYJHZM")
Change component parameters: Designator = "R45" ("R45"); Footprint = "RES[0603]"; UniqueID = "\IVRWPJCU" ("\IVRWPJCU")
Change component parameters: Designator = "R46" ("R46"); Footprint = "RES[0603]"; UniqueID = "\GICAGTBN" ("\GICAGTBN")
Change component parameters: Designator = "R47" ("R47"); Footprint = "RES[0603]"; UniqueID = "\PMFFJCRJ" ("\PMFFJCRJ")
Change component parameters: Designator = "R48" ("R48"); Footprint = "RES[0603]"; UniqueID = "\PMJUMQHN" ("\PMJUMQHN")
Change component parameters: Designator = "R49" ("R49"); Footprint = "RES[0603]"; UniqueID = "\EUNZIRXI" ("\EUNZIRXI")
Change component parameters: Designator = "R62" ("R62"); Footprint = "RES[0603]"; UniqueID = "\SOLKBCUJ" ("\SOLKBCUJ")
Change component parameters: Designator = "R63" ("R63"); Footprint = "RES[0603]"; UniqueID = "\GTYFURKM" ("\GTYFURKM")
Change component parameters: Designator = "R64" ("R64"); Footprint = "RES[0603]"; UniqueID = "\RQFUBKMI" ("\RQFUBKMI")
Added Component: Designator=D9(LED_0805)
Added Component: Designator=D10(LED_0805)
Added Component: Designator=R27(0603)
Added Component: Designator=R28(0603)
Added Component: Designator=R29(0603)
Added Component: Designator=R30(0603)
Added Component: Designator=R31(0603)
Added Component: Designator=R32(0603)
Added Component: Designator=R33(0603)
Added Component: Designator=R50(0603)
Added Component: Designator=R51(0603)
Added Component: Designator=R52(0603)
Added Component: Designator=R53(0603)
Added Component: Designator=R54(0603)
Added Component: Designator=R55(0603)
Added Component: Designator=R56(0603)
Added Component: Designator=R57(0603)
Added Component: Designator=R58(0603)
Added Component: Designator=R59(0603)
Added Component: Designator=R60(0603)
Added Component: Designator=R61(0603)
Added Component: Designator=TVS1(TVS)
Added Component: Designator=TVS2(TVS)
Added Component: Designator=TVS3(TVS)
Added Component: Designator=TVS4(TVS)
Added Component: Designator=TVS5(TVS)
Added Component: Designator=TVS6(TVS)
Added Component: Designator=TVS7(TVS)
Added Component: Designator=TVS8(TVS)
Added Component: Designator=TVS9(TVS)
Added Component: Designator=TVS10(TVS)
Added Pin To Net: NetName=X10 Pin=C2-1
Added Pin To Net: NetName=XA10 Pin=C2-2
Added Pin To Net: NetName=X14 Pin=C3-1
Added Pin To Net: NetName=XA14 Pin=C3-2
Added Pin To Net: NetName=X11 Pin=C4-1
Added Pin To Net: NetName=XA11 Pin=C4-2
Added Pin To Net: NetName=X15 Pin=C5-1
Added Pin To Net: NetName=XA15 Pin=C5-2
Added Pin To Net: NetName=X12 Pin=C6-1
Added Pin To Net: NetName=XA12 Pin=C6-2
Added Pin To Net: NetName=X16 Pin=C7-1
Added Pin To Net: NetName=XA16 Pin=C7-2
Added Pin To Net: NetName=X13 Pin=C8-1
Added Pin To Net: NetName=XA13 Pin=C8-2
Added Pin To Net: NetName=X17 Pin=C9-1
Added Pin To Net: NetName=XA17 Pin=C9-2
Added Pin To Net: NetName=+5V Pin=C10-1
Added Pin To Net: NetName=GND Pin=C10-2
Added Pin To Net: NetName=XA00 Pin=C11-1
Added Pin To Net: NetName=X00 Pin=C11-2
Added Pin To Net: NetName=+5V Pin=C12-1
Added Pin To Net: NetName=GND Pin=C12-2
Added Pin To Net: NetName=XA01 Pin=C13-1
Added Pin To Net: NetName=X01 Pin=C13-2
Added Pin To Net: NetName=XA10 Pin=R27-1
Added Pin To Net: NetName=X10 Pin=R27-2
Added Pin To Net: NetName=XA14 Pin=R28-1
Added Pin To Net: NetName=X14 Pin=R28-2
Added Pin To Net: NetName=XA10 Pin=R29-1
Added Pin To Net: NetName=GND Pin=R29-2
Added Pin To Net: NetName=XA14 Pin=R30-1
Added Pin To Net: NetName=GND Pin=R30-2
Added Pin To Net: NetName=S/S_2 Pin=R31-1
Added Pin To Net: NetName=XA10 Pin=R31-2
Added Pin To Net: NetName=XA10 Pin=R32-1
Added Pin To Net: NetName=+24V Pin=R32-2
Added Pin To Net: NetName=S/S_2 Pin=R33-1
Added Pin To Net: NetName=XA14 Pin=R33-2
Added Pin To Net: NetName=XA14 Pin=R34-1
Added Pin To Net: NetName=+24V Pin=R34-2
Added Pin To Net: NetName=XA11 Pin=R35-1
Added Pin To Net: NetName=X11 Pin=R35-2
Added Pin To Net: NetName=XA15 Pin=R36-1
Added Pin To Net: NetName=X15 Pin=R36-2
Added Pin To Net: NetName=XA11 Pin=R37-1
Added Pin To Net: NetName=GND Pin=R37-2
Added Pin To Net: NetName=XA15 Pin=R38-1
Added Pin To Net: NetName=GND Pin=R38-2
Added Pin To Net: NetName=S/S_2 Pin=R39-1
Added Pin To Net: NetName=XA11 Pin=R39-2
Added Pin To Net: NetName=XA11 Pin=R40-1
Added Pin To Net: NetName=+24V Pin=R40-2
Added Pin To Net: NetName=S/S_2 Pin=R41-1
Added Pin To Net: NetName=XA15 Pin=R41-2
Added Pin To Net: NetName=XA15 Pin=R42-1
Added Pin To Net: NetName=+24V Pin=R42-2
Added Pin To Net: NetName=XA12 Pin=R43-1
Added Pin To Net: NetName=X12 Pin=R43-2
Added Pin To Net: NetName=XA16 Pin=R44-1
Added Pin To Net: NetName=X16 Pin=R44-2
Added Pin To Net: NetName=XA12 Pin=R45-1
Added Pin To Net: NetName=GND Pin=R45-2
Added Pin To Net: NetName=XA16 Pin=R46-1
Added Pin To Net: NetName=GND Pin=R46-2
Added Pin To Net: NetName=S/S_2 Pin=R47-1
Added Pin To Net: NetName=XA12 Pin=R47-2
Added Pin To Net: NetName=XA12 Pin=R48-1
Added Pin To Net: NetName=+24V Pin=R48-2
Added Pin To Net: NetName=S/S_2 Pin=R49-1
Added Pin To Net: NetName=XA16 Pin=R49-2
Added Pin To Net: NetName=XA16 Pin=R50-1
Added Pin To Net: NetName=+24V Pin=R50-2
Added Pin To Net: NetName=XA13 Pin=R51-1
Added Pin To Net: NetName=X13 Pin=R51-2
Added Pin To Net: NetName=XA17 Pin=R52-1
Added Pin To Net: NetName=X17 Pin=R52-2
Added Pin To Net: NetName=XA13 Pin=R53-1
Added Pin To Net: NetName=GND Pin=R53-2
Added Pin To Net: NetName=XA17 Pin=R54-1
Added Pin To Net: NetName=GND Pin=R54-2
Added Pin To Net: NetName=S/S_2 Pin=R55-1
Added Pin To Net: NetName=XA13 Pin=R55-2
Added Pin To Net: NetName=XA13 Pin=R56-1
Added Pin To Net: NetName=+24V Pin=R56-2
Added Pin To Net: NetName=S/S_2 Pin=R57-1
Added Pin To Net: NetName=XA17 Pin=R57-2
Added Pin To Net: NetName=XA17 Pin=R58-1
Added Pin To Net: NetName=+24V Pin=R58-2
Added Pin To Net: NetName=XA00 Pin=R59-1
Added Pin To Net: NetName=COMX0 Pin=R59-2
Added Pin To Net: NetName=+5V Pin=R60-1
Added Pin To Net: NetName=XC00 Pin=R60-2
Added Pin To Net: NetName=X00 Pin=R61-1
Added Pin To Net: NetName=XA00 Pin=R61-2
Added Pin To Net: NetName=XA01 Pin=R62-1
Added Pin To Net: NetName=COMX0 Pin=R62-2
Added Pin To Net: NetName=+5V Pin=R63-1
Added Pin To Net: NetName=XC01 Pin=R63-2
Added Pin To Net: NetName=X01 Pin=R64-1
Added Pin To Net: NetName=XA01 Pin=R64-2
Added Pin To Net: NetName=S/S_2 Pin=TVS1-1
Added Pin To Net: NetName=X10 Pin=TVS1-2
Added Pin To Net: NetName=S/S_2 Pin=TVS2-1
Added Pin To Net: NetName=X14 Pin=TVS2-2
Added Pin To Net: NetName=S/S_2 Pin=TVS3-1
Added Pin To Net: NetName=X11 Pin=TVS3-2
Added Pin To Net: NetName=S/S_2 Pin=TVS4-1
Added Pin To Net: NetName=X15 Pin=TVS4-2
Added Pin To Net: NetName=S/S_2 Pin=TVS5-1
Added Pin To Net: NetName=X12 Pin=TVS5-2
Added Pin To Net: NetName=S/S_2 Pin=TVS6-1
Added Pin To Net: NetName=X16 Pin=TVS6-2
Added Pin To Net: NetName=S/S_2 Pin=TVS7-1
Added Pin To Net: NetName=X13 Pin=TVS7-2
Added Pin To Net: NetName=S/S_2 Pin=TVS8-1
Added Pin To Net: NetName=X17 Pin=TVS8-2
Added Pin To Net: NetName=X00 Pin=TVS9-1
Added Pin To Net: NetName=COMX0 Pin=TVS9-2
Added Pin To Net: NetName=X01 Pin=TVS10-1
Added Pin To Net: NetName=COMX0 Pin=TVS10-2
Added Pin To Net: NetName=X10 Pin=U2-1
Added Pin To Net: NetName=XA10 Pin=U2-2
Added Pin To Net: NetName=GND Pin=U2-3
Added Pin To Net: NetName=PC0 Pin=U2-4
Added Pin To Net: NetName=X14 Pin=U3-1
Added Pin To Net: NetName=XA14 Pin=U3-2
Added Pin To Net: NetName=GND Pin=U3-3
Added Pin To Net: NetName=PC4 Pin=U3-4
Added Pin To Net: NetName=X11 Pin=U4-1
Added Pin To Net: NetName=XA11 Pin=U4-2
Added Pin To Net: NetName=GND Pin=U4-3
Added Pin To Net: NetName=PC1 Pin=U4-4
Added Pin To Net: NetName=X15 Pin=U5-1
Added Pin To Net: NetName=XA15 Pin=U5-2
Added Pin To Net: NetName=GND Pin=U5-3
Added Pin To Net: NetName=PC5 Pin=U5-4
Added Pin To Net: NetName=X12 Pin=U6-1
Added Pin To Net: NetName=XA12 Pin=U6-2
Added Pin To Net: NetName=GND Pin=U6-3
Added Pin To Net: NetName=PC2 Pin=U6-4
Added Pin To Net: NetName=X16 Pin=U7-1
Added Pin To Net: NetName=XA16 Pin=U7-2
Added Pin To Net: NetName=GND Pin=U7-3
Added Pin To Net: NetName=PC6 Pin=U7-4
Added Pin To Net: NetName=X13 Pin=U8-1
Added Pin To Net: NetName=XA13 Pin=U8-2
Added Pin To Net: NetName=GND Pin=U8-3
Added Pin To Net: NetName=PC3 Pin=U8-4
Added Pin To Net: NetName=X17 Pin=U9-1
Added Pin To Net: NetName=XA17 Pin=U9-2
Added Pin To Net: NetName=GND Pin=U9-3
Added Pin To Net: NetName=PC7 Pin=U9-4
Added Pin To Net: NetName=NC Pin=U10-1
Added Pin To Net: NetName=XA00 Pin=U10-2
Added Pin To Net: NetName=X00 Pin=U10-3
Added Pin To Net: NetName=NC Pin=U10-4
Added Pin To Net: NetName=GND Pin=U10-5
Added Pin To Net: NetName=PA0 Pin=U10-6
Added Pin To Net: NetName=XC00 Pin=U10-8
Added Pin To Net: NetName=NC Pin=U11-1
Added Pin To Net: NetName=XA01 Pin=U11-2
Added Pin To Net: NetName=X01 Pin=U11-3
Added Pin To Net: NetName=NC Pin=U11-4
Added Pin To Net: NetName=GND Pin=U11-5
Added Pin To Net: NetName=PA1 Pin=U11-6
Added Pin To Net: NetName=XC01 Pin=U11-8
Change Net Name : Old Net Name=NetD4_1 New Net Name=NetD1_1
Change Net Name : Old Net Name=NetD5_1 New Net Name=NetD2_1
Change Net Name : Old Net Name=NetD6_1 New Net Name=NetD3_1
Change Net Name : Old Net Name=NetD7_1 New Net Name=NetD4_1
Change Net Name : Old Net Name=NetD8_1 New Net Name=NetD5_1
Change Net Name : Old Net Name=NetD9_1 New Net Name=NetD6_1
Change Net Name : Old Net Name=NetD10_1 New Net Name=NetD7_1
Change Net Name : Old Net Name=NetD11_1 New Net Name=NetD8_1
Change Net Name : Old Net Name=NetJK5_3 New Net Name=NetJK8_3
Change Net Name : Old Net Name=NetJK5_4 New Net Name=NetJK8_4
Change Net Name : Old Net Name=NetJK5_5 New Net Name=NetJK8_5
Change Net Name : Old Net Name=NetJK6_3 New Net Name=NetJK7_3
Change Net Name : Old Net Name=NetJK6_4 New Net Name=NetJK7_4
Change Net Name : Old Net Name=NetJK6_5 New Net Name=NetJK7_5
Change Net Name : Old Net Name=NetJK7_3 New Net Name=NetJK5_3
Change Net Name : Old Net Name=NetJK7_4 New Net Name=NetJK5_4
Change Net Name : Old Net Name=NetJK7_5 New Net Name=NetJK5_5
Change Net Name : Old Net Name=NetJK8_3 New Net Name=NetJK6_3
Change Net Name : Old Net Name=NetJK8_4 New Net Name=NetJK6_4
Change Net Name : Old Net Name=NetJK8_5 New Net Name=NetJK6_5
Added Member To Class: ClassName=Designator Member=Component JP9 KF128-5.08-3P
Added Member To Class: ClassName=Designator Member=Component JP10 KF128-5.08-3P
Added Member To Class: ClassName=Designator Member=Component R5 500R
Added Member To Class: ClassName=Designator Member=Component R20 4.7K
Added Member To Class: ClassName=Designator Member=Component R21 500R
Added Member To Class: ClassName=Designator Member=Component R22 4.7K
Added Member To Class: ClassName=Designator Member=Component R23 500R
Added Member To Class: ClassName=Designator Member=Component R24 4.7K
Added Member To Class: ClassName=Designator Member=Component R26 4.7K
Added Room: Name=Designator
Added Room: Name=Designator
Added Room: Name=Designator
