Change Component Footprint: Designator=OC6 Old Footprint=SMD_PC817 New Footprint=SOP-4_P2.54
Change Physical Footprint: Designator=C13 Old Footprint=0603C New Footprint=0603C
Change Physical Footprint: Designator=D1 Old Footprint=SOD-123 New Footprint=SOD-123
Change Physical Footprint: Designator=D2 Old Footprint=SOD-123 New Footprint=SOD-123
Change Physical Footprint: Designator=D3 Old Footprint=LED-0603G New Footprint=LED-0603G
Change Physical Footprint: Designator=D4 Old Footprint=LED-0603G New Footprint=LED-0603G
Change Physical Footprint: Designator=D5 Old Footprint=LED-0603G New Footprint=LED-0603G
Change Physical Footprint: Designator=D6 Old Footprint=LED-0603G New Footprint=LED-0603G
Change Physical Footprint: Designator=D7 Old Footprint=LED-0603G New Footprint=LED-0603G
Change Physical Footprint: Designator=D8 Old Footprint=LED-0603G New Footprint=LED-0603G
Change Physical Footprint: Designator=D9 Old Footprint=LED-0603G New Footprint=LED-0603G
Change Physical Footprint: Designator=D10 Old Footprint=LED-0603G New Footprint=LED-0603G
Change Physical Footprint: Designator=D11 Old Footprint=SOD-123 New Footprint=SOD-123
Change Physical Footprint: Designator=J1 Old Footprint=KF128-5.08-16P New Footprint=KF128-5.08-16P
Change Physical Footprint: Designator=JK1 Old Footprint=SRD-C_B New Footprint=SRD-C_B
Change Physical Footprint: Designator=JK2 Old Footprint=SRD-C_B New Footprint=SRD-C_B
Change Physical Footprint: Designator=JK3 Old Footprint=SRD-C_B New Footprint=SRD-C_B
Change Physical Footprint: Designator=JK4 Old Footprint=SRD-C_B New Footprint=SRD-C_B
Change Physical Footprint: Designator=JK5 Old Footprint=SRD-C_B New Footprint=SRD-C_B
Change Physical Footprint: Designator=JK6 Old Footprint=SRD-C_B New Footprint=SRD-C_B
Change Physical Footprint: Designator=JK7 Old Footprint=SRD-C_B New Footprint=SRD-C_B
Change Physical Footprint: Designator=JK8 Old Footprint=SRD-C_B New Footprint=SRD-C_B
Change Physical Footprint: Designator=JP1 Old Footprint=KF128-5.08-2P New Footprint=KF128-5.08-2P
Change Physical Footprint: Designator=JP2 Old Footprint=KF128-5.08-2P New Footprint=KF128-5.08-2P
Change Physical Footprint: Designator=JP3 Old Footprint=KF128-5.08-3P New Footprint=KF128-5.08-3P
Change Physical Footprint: Designator=JP4 Old Footprint=KF128-5.08-3P New Footprint=KF128-5.08-3P
Change Physical Footprint: Designator=JP5 Old Footprint=KF128-5.08-3P New Footprint=KF128-5.08-3P
Change Physical Footprint: Designator=JP6 Old Footprint=KF128-5.08-3P New Footprint=KF128-5.08-3P
Change Physical Footprint: Designator=JP7 Old Footprint=KF128-5.08-3P New Footprint=KF128-5.08-3P
Change Physical Footprint: Designator=JP8 Old Footprint=KF128-5.08-3P New Footprint=KF128-5.08-3P
Change Physical Footprint: Designator=JP9 Old Footprint=KF128-5.08-3P New Footprint=KF128-5.08-3P
Change Physical Footprint: Designator=JP10 Old Footprint=KF128-5.08-3P New Footprint=KF128-5.08-3P
Change Physical Footprint: Designator=OC1 Old Footprint=SMD_PC817 New Footprint=SMD_PC817
Change Physical Footprint: Designator=OC2 Old Footprint=SMD_PC817 New Footprint=SMD_PC817
Change Physical Footprint: Designator=OC3 Old Footprint=SMD_PC817 New Footprint=SMD_PC817
Change Physical Footprint: Designator=OC4 Old Footprint=SMD_PC817 New Footprint=SMD_PC817
Change Physical Footprint: Designator=OC5 Old Footprint=SMD_PC817 New Footprint=SMD_PC817
Change Physical Footprint: Designator=OC7 Old Footprint=SMD_PC817 New Footprint=SMD_PC817
Change Physical Footprint: Designator=OC8 Old Footprint=SMD_PC817 New Footprint=SMD_PC817
Change Physical Footprint: Designator=P1 Old Footprint=HDR2.54-F-44P New Footprint=HDR2.54-F-44P
Change Physical Footprint: Designator=P2 Old Footprint=HDR2.54-F-44P New Footprint=HDR2.54-F-44P
Change Physical Footprint: Designator=R39 Old Footprint=0805R New Footprint=0805R
Change Physical Footprint: Designator=R40 Old Footprint=0603R New Footprint=0603R
Change Physical Footprint: Designator=R41 Old Footprint=0805R New Footprint=0805R
Change Physical Footprint: Designator=R42 Old Footprint=0805R New Footprint=0805R
Change Physical Footprint: Designator=R43 Old Footprint=0805R New Footprint=0805R
Change Physical Footprint: Designator=R44 Old Footprint=0805R New Footprint=0805R
Change Physical Footprint: Designator=R45 Old Footprint=0805R New Footprint=0805R
Change Physical Footprint: Designator=R46 Old Footprint=0805R New Footprint=0805R
Change Physical Footprint: Designator=R47 Old Footprint=0805R New Footprint=0805R
Change Physical Footprint: Designator=R48 Old Footprint=0805R New Footprint=0805R
Change Physical Footprint: Designator=R49 Old Footprint=0805R New Footprint=0805R
Change Physical Footprint: Designator=R50 Old Footprint=0603R New Footprint=0603R
Change Physical Footprint: Designator=R51 Old Footprint=0805R New Footprint=0805R
Change Physical Footprint: Designator=R52 Old Footprint=0603R New Footprint=0603R
Change Physical Footprint: Designator=R53 Old Footprint=0805R New Footprint=0805R
Change Physical Footprint: Designator=R54 Old Footprint=0603R New Footprint=0603R
Change Physical Footprint: Designator=R55 Old Footprint=0805R New Footprint=0805R
Change Physical Footprint: Designator=R56 Old Footprint=0603R New Footprint=0603R
Change Physical Footprint: Designator=R57 Old Footprint=0805R New Footprint=0805R
Change Physical Footprint: Designator=R58 Old Footprint=0603R New Footprint=0603R
Change Physical Footprint: Designator=R59 Old Footprint=0805R New Footprint=0805R
Change Physical Footprint: Designator=R60 Old Footprint=0603R New Footprint=0603R
Change Physical Footprint: Designator=R61 Old Footprint=0805R New Footprint=0805R
Change Physical Footprint: Designator=R62 Old Footprint=0603R New Footprint=0603R
Change Physical Footprint: Designator=TVS1 Old Footprint=TVS New Footprint=TVS
Change Physical Footprint: Designator=TVS2 Old Footprint=TVS New Footprint=TVS
Change Physical Footprint: Designator=TVS3 Old Footprint=TVS New Footprint=TVS
Change Physical Footprint: Designator=TVS4 Old Footprint=TVS New Footprint=TVS
Change Physical Footprint: Designator=TVS5 Old Footprint=TVS New Footprint=TVS
Change Physical Footprint: Designator=TVS6 Old Footprint=TVS New Footprint=TVS
Change Physical Footprint: Designator=TVS7 Old Footprint=TVS New Footprint=TVS
Change Physical Footprint: Designator=TVS8 Old Footprint=TVS New Footprint=TVS
Change Physical Footprint: Designator=TVS9 Old Footprint=TVS New Footprint=TVS
Change Physical Footprint: Designator=TVS10 Old Footprint=TVS New Footprint=TVS
Change Physical Footprint: Designator=TVS11 Old Footprint=TVS New Footprint=TVS
Change Physical Footprint: Designator=U1 Old Footprint=FP-11-4C1-MFG New Footprint=FP-11-4C1-MFG
Change Physical Footprint: Designator=U2 Old Footprint=FP-11-4C1-MFG New Footprint=FP-11-4C1-MFG
Change Physical Footprint: Designator=U3 Old Footprint=FP-11-4C1-MFG New Footprint=FP-11-4C1-MFG
Change Physical Footprint: Designator=U4 Old Footprint=FP-11-4C1-MFG New Footprint=FP-11-4C1-MFG
Change Physical Footprint: Designator=U5 Old Footprint=FP-11-4C1-MFG New Footprint=FP-11-4C1-MFG
Change Physical Footprint: Designator=U6 Old Footprint=FP-11-4C1-MFG New Footprint=FP-11-4C1-MFG
Change Physical Footprint: Designator=U7 Old Footprint=FP-11-4C1-MFG New Footprint=FP-11-4C1-MFG
Change Physical Footprint: Designator=U8 Old Footprint=FP-11-4C1-MFG New Footprint=FP-11-4C1-MFG
Change Physical Footprint: Designator=U9 Old Footprint=DIP8_8601 New Footprint=DIP8_8601
Change Physical Footprint: Designator=U10 Old Footprint=DIP8_8601 New Footprint=DIP8_8601
Change Physical Footprint: Designator=U11 Old Footprint=SOP18 - 300mil New Footprint=SOP18 - 300mil
Change Physical Footprint: Designator=U12 Old Footprint=DIP8_8601 New Footprint=DIP8_8601
