Removed Pin From Net: NetName=PF7 Pin=P2-8
Removed Pin From Net: NetName=PC0 Pin=P2-10
Removed Pin From Net: NetName=PC2 Pin=P2-11
Removed Pin From Net: NetName=PA1 Pin=P2-12
Removed Pin From Net: NetName=PA4 Pin=P2-13
Removed Pin From Net: NetName=PC4 Pin=P2-15
Removed Pin From Net: NetName=GND Pin=P2-22
Removed Pin From Net: NetName=PC5 Pin=P2-29
Removed Pin From Net: NetName=PA0 Pin=P2-32
Removed Pin From Net: NetName=PC3 Pin=P2-33
Removed Pin From Net: NetName=PC1 Pin=P2-34
Removed Pin From Net: NetName=PF8 Pin=P2-36
Added Pin To Net: NetName=GND Pin=P2-1
Added Pin To Net: NetName=PC4 Pin=P2-8
Added Pin To Net: NetName=PA4 Pin=P2-10
Added Pin To Net: NetName=PA1 Pin=P2-11
Added Pin To Net: NetName=PC2 Pin=P2-12
Added Pin To Net: NetName=PC0 Pin=P2-13
Added Pin To Net: NetName=PF7 Pin=P2-15
Change Net Name : Old Net Name=PA6 New Net Name=PF9
Change Net Name : Old Net Name=PB0 New Net Name=PF5
Change Net Name : Old Net Name=PB2 New Net Name=PF3
Change Net Name : Old Net Name=PB13 New Net Name=PE3
Change Net Name : Old Net Name=PF1 New Net Name=PF12
Change Net Name : Old Net Name=PF3 New Net Name=PB2
Change Net Name : Old Net Name=PF5 New Net Name=PB0
Change Net Name : Old Net Name=PF9 New Net Name=PA6
Change Net Name : Old Net Name=PF12 New Net Name=PF1
Change Net Name : Old Net Name=PF14 New Net Name=PC13
Change Net Name : Old Net Name=PG0 New Net Name=PE5
Added Pin To Net: NetName=PB13 Pin=P2-2
Added Net: Name=PB13
Added Pin To Net: NetName=PE1 Pin=P2-22
Added Net: Name=PE1
Added Pin To Net: NetName=PF14 Pin=P2-4
Added Net: Name=PF14
Added Pin To Net: NetName=PG0 Pin=P2-3
Added Net: Name=PG0
Change Room Name: Old Name=Designator_2 New Name=Designator
Added Room: Name=Designator
