Removed Pin From Net: NetName=COMX0 Pin=J1-13
Added Component: Designator=C14(0603)
Added Component: Designator=C15(0603)
Added Component: Designator=D11(SOD-123)
Added Component: Designator=R63(0603)
Added Component: Designator=R64(0603)
Added Component: Designator=R65(0603)
Added Component: Designator=TVS11(TVS)
Added Component: Designator=U12(DIP8_8601)
Added Pin To Net: NetName=+3V3 Pin=C14-1
Added Pin To Net: NetName=GND Pin=C14-2
Added Pin To Net: NetName=COMX0 Pin=J1-15
Added Pin To Net: NetName=COMX0 Pin=R63-2
Added Pin To Net: NetName=+3V3 Pin=R64-1
Added Pin To Net: NetName=XC01 Pin=R64-2
Added Pin To Net: NetName=COMX0 Pin=TVS11-2
Added Pin To Net: NetName=NC Pin=U12-1
Added Pin To Net: NetName=NC Pin=U12-4
Added Pin To Net: NetName=GND Pin=U12-5
Added Pin To Net: NetName=PD3 Pin=U12-6
Added Pin To Net: NetName=XC01 Pin=U12-8
Change Net Name : Old Net Name=X00 New Net Name=A
Change Net Name : Old Net Name=X01 New Net Name=B
Added Pin To Net: NetName=NetC15_1 Pin=C15-1
Added Pin To Net: NetName=NetC15_1 Pin=D11-1
Added Pin To Net: NetName=NetC15_1 Pin=R63-1
Added Pin To Net: NetName=NetC15_1 Pin=R65-2
Added Pin To Net: NetName=NetC15_1 Pin=U12-2
Added Net: Name=NetC15_1
Added Pin To Net: NetName=Z Pin=C15-2
Added Pin To Net: NetName=Z Pin=D11-2
Added Pin To Net: NetName=Z Pin=J1-13
Added Pin To Net: NetName=Z Pin=R65-1
Added Pin To Net: NetName=Z Pin=TVS11-1
Added Pin To Net: NetName=Z Pin=U12-3
Added Net: Name=Z
Change Room Name: Old Name=Designator_2 New Name=Designator
Added Room: Name=Designator
