Removed Pin From Net: NetName=PF8 Pin=P2-31
Removed Pin From Net: NetName=PC1 Pin=P2-33
Removed Pin From Net: NetName=PC3 Pin=P2-34
Removed Pin From Net: NetName=PA0 Pin=P2-35
Removed Pin From Net: NetName=PC5 Pin=P2-38
Change Component Comment : Designator=TVS1 Old Comment= SMBJ13CA New Comment=
Change Component Comment : Designator=TVS2 Old Comment= SMBJ13CA New Comment=
Change Component Comment : Designator=TVS3 Old Comment= SMBJ13CA New Comment=
Change Component Comment : Designator=TVS4 Old Comment= SMBJ13CA New Comment=
Change Component Comment : Designator=TVS5 Old Comment= SMBJ13CA New Comment=
Change Component Comment : Designator=TVS6 Old Comment= SMBJ13CA New Comment=
Change Component Comment : Designator=TVS7 Old Comment= SMBJ13CA New Comment=
Change Component Comment : Designator=TVS8 Old Comment= SMBJ13CA New Comment=
Change Component Comment : Designator=TVS9 Old Comment= SMBJ13CA New Comment=
Change Component Comment : Designator=TVS10 Old Comment= SMBJ13CA New Comment=
Change Component Comment : Designator=TVS11 Old Comment= SMBJ13CA New Comment=
Added Component: Designator=JP2(KF128-5.08-2P)
Added Pin To Net: NetName=VCC Pin=JP2-1
Added Pin To Net: NetName=GND Pin=JP2-2
Change Net Name : Old Net Name=VCC New Net Name=3.3V
Added Member To Class: ClassName=STM32F103_开关量输出 Member=Component JP2 HF9500*2
Added Room: Name=STM32F103_开关量输入-TLP521
Added Room: Name=STM32F103_开关量输出
Added Room: Name=接口
