Added Component: Designator=C2(0603)
Added Component: Designator=C3(0603)
Added Component: Designator=C4(0603)
Added Component: Designator=C5(0603)
Added Component: Designator=C6(0603)
Added Component: Designator=C7(0603)
Added Component: Designator=C8(0603)
Added Component: Designator=C9(0603)
Added Component: Designator=C10(0603)
Added Component: Designator=C11(0603)
Added Component: Designator=C12(0603)
Added Component: Designator=C13(0603)
Added Component: Designator=D1(LED_0805)
Added Component: Designator=D2(LED_0805)
Added Component: Designator=JP?(KF128-5.08-2P)
Added Component: Designator=P1(H2.54-2X22)
Added Component: Designator=P2(H2.54-2X22)
Added Component: Designator=R5(0603)
Added Component: Designator=R6(0603)
Added Component: Designator=R8(0603)
Added Component: Designator=R20(0603)
Added Component: Designator=R21(0603)
Added Component: Designator=R22(0603)
Added Component: Designator=R23(0603)
Added Component: Designator=R34(0603)
Added Component: Designator=R35(0603)
Added Component: Designator=R36(0603)
Added Component: Designator=R37(0603)
Added Component: Designator=R38(0603)
Added Component: Designator=R39(0603)
Added Component: Designator=R40(0603)
Added Component: Designator=R41(0603)
Added Component: Designator=R42(0603)
Added Component: Designator=R43(0603)
Added Component: Designator=R44(0603)
Added Component: Designator=R45(0603)
Added Component: Designator=R46(0603)
Added Component: Designator=R47(0603)
Added Component: Designator=R48(0603)
Added Component: Designator=R49(0603)
Added Component: Designator=R50(0603)
Added Component: Designator=R51(0603)
Added Component: Designator=R52(0603)
Added Component: Designator=R53(0603)
Added Component: Designator=R54(0603)
Added Component: Designator=R55(0603)
Added Component: Designator=R56(0603)
Added Component: Designator=R57(0603)
Added Component: Designator=R58(0603)
Added Component: Designator=R59(0603)
Added Component: Designator=R60(0603)
Added Component: Designator=R61(0603)
Added Component: Designator=R62(0603)
Added Component: Designator=R63(0603)
Added Component: Designator=R64(0603)
Added Component: Designator=TVS1(TVS)
Added Component: Designator=TVS2(TVS)
Added Component: Designator=TVS3(TVS)
Added Component: Designator=TVS4(TVS)
Added Component: Designator=TVS5(TVS)
Added Component: Designator=TVS6(TVS)
Added Component: Designator=TVS7(TVS)
Added Component: Designator=TVS8(TVS)
Added Component: Designator=TVS9(TVS)
Added Component: Designator=TVS10(TVS)
Added Component: Designator=U2(DIP8_8601)
Added Component: Designator=U3(DIP8_8601)
Added Component: Designator=U4(SOP4_PC817)
Added Component: Designator=U5(SOP4_PC817)
Added Component: Designator=U6(SOP4_PC817)
Added Component: Designator=U7(SOP4_PC817)
Added Component: Designator=U8(SOP4_PC817)
Added Component: Designator=U9(SOP4_PC817)
Added Component: Designator=U10(SOP4_PC817)
Added Component: Designator=U11(SOP4_PC817)
Added Pin To Net: NetName=GND_RELY Pin=C1-1
Added Pin To Net: NetName=+12_RELY Pin=C1-2
Added Pin To Net: NetName=+5V Pin=C2-1
Added Pin To Net: NetName=GND Pin=C2-2
Added Pin To Net: NetName=XA00 Pin=C3-1
Added Pin To Net: NetName=X00 Pin=C3-2
Added Pin To Net: NetName=+5V Pin=C4-1
Added Pin To Net: NetName=GND Pin=C4-2
Added Pin To Net: NetName=XA01 Pin=C5-1
Added Pin To Net: NetName=X01 Pin=C5-2
Added Pin To Net: NetName=X14 Pin=C6-1
Added Pin To Net: NetName=XA14 Pin=C6-2
Added Pin To Net: NetName=X10 Pin=C7-1
Added Pin To Net: NetName=XA10 Pin=C7-2
Added Pin To Net: NetName=X15 Pin=C8-1
Added Pin To Net: NetName=XA15 Pin=C8-2
Added Pin To Net: NetName=X11 Pin=C9-1
Added Pin To Net: NetName=XA11 Pin=C9-2
Added Pin To Net: NetName=X16 Pin=C10-1
Added Pin To Net: NetName=XA16 Pin=C10-2
Added Pin To Net: NetName=X12 Pin=C11-1
Added Pin To Net: NetName=XA12 Pin=C11-2
Added Pin To Net: NetName=X17 Pin=C12-1
Added Pin To Net: NetName=XA17 Pin=C12-2
Added Pin To Net: NetName=X13 Pin=C13-1
Added Pin To Net: NetName=XA13 Pin=C13-2
Added Pin To Net: NetName=NetD4_1 Pin=D4-1
Added Pin To Net: NetName=RELY1 Pin=D4-2
Added Pin To Net: NetName=NetD5_1 Pin=D5-1
Added Pin To Net: NetName=RELY2 Pin=D5-2
Added Pin To Net: NetName=NetD6_1 Pin=D6-1
Added Pin To Net: NetName=RELY3 Pin=D6-2
Added Pin To Net: NetName=NetD7_1 Pin=D7-1
Added Pin To Net: NetName=RELY4 Pin=D7-2
Added Pin To Net: NetName=NetD8_1 Pin=D8-1
Added Pin To Net: NetName=RELY5 Pin=D8-2
Added Pin To Net: NetName=NetD9_1 Pin=D9-1
Added Pin To Net: NetName=RELY6 Pin=D9-2
Added Pin To Net: NetName=NetD10_1 Pin=D10-1
Added Pin To Net: NetName=RELY7 Pin=D10-2
Added Pin To Net: NetName=NetD11_1 Pin=D11-1
Added Pin To Net: NetName=RELY8 Pin=D11-2
Added Pin To Net: NetName=RELY1 Pin=JK1-1
Added Pin To Net: NetName=+12_RELY Pin=JK1-2
Added Pin To Net: NetName=NetJK1_3 Pin=JK1-3
Added Pin To Net: NetName=NetJK1_4 Pin=JK1-4
Added Pin To Net: NetName=NetJK1_5 Pin=JK1-5
Added Pin To Net: NetName=RELY2 Pin=JK2-1
Added Pin To Net: NetName=+12_RELY Pin=JK2-2
Added Pin To Net: NetName=NetJK2_3 Pin=JK2-3
Added Pin To Net: NetName=NetJK2_4 Pin=JK2-4
Added Pin To Net: NetName=NetJK2_5 Pin=JK2-5
Added Pin To Net: NetName=RELY3 Pin=JK3-1
Added Pin To Net: NetName=+12_RELY Pin=JK3-2
Added Pin To Net: NetName=NetJK3_3 Pin=JK3-3
Added Pin To Net: NetName=NetJK3_4 Pin=JK3-4
Added Pin To Net: NetName=NetJK3_5 Pin=JK3-5
Added Pin To Net: NetName=RELY4 Pin=JK4-1
Added Pin To Net: NetName=+12_RELY Pin=JK4-2
Added Pin To Net: NetName=NetJK4_3 Pin=JK4-3
Added Pin To Net: NetName=NetJK4_4 Pin=JK4-4
Added Pin To Net: NetName=NetJK4_5 Pin=JK4-5
Added Pin To Net: NetName=RELY5 Pin=JK5-1
Added Pin To Net: NetName=+12_RELY Pin=JK5-2
Added Pin To Net: NetName=NetJK5_3 Pin=JK5-3
Added Pin To Net: NetName=NetJK5_4 Pin=JK5-4
Added Pin To Net: NetName=NetJK5_5 Pin=JK5-5
Added Pin To Net: NetName=RELY6 Pin=JK6-1
Added Pin To Net: NetName=+12_RELY Pin=JK6-2
Added Pin To Net: NetName=NetJK6_3 Pin=JK6-3
Added Pin To Net: NetName=NetJK6_4 Pin=JK6-4
Added Pin To Net: NetName=NetJK6_5 Pin=JK6-5
Added Pin To Net: NetName=RELY7 Pin=JK7-1
Added Pin To Net: NetName=+12_RELY Pin=JK7-2
Added Pin To Net: NetName=NetJK7_3 Pin=JK7-3
Added Pin To Net: NetName=NetJK7_4 Pin=JK7-4
Added Pin To Net: NetName=NetJK7_5 Pin=JK7-5
Added Pin To Net: NetName=RELY8 Pin=JK8-1
Added Pin To Net: NetName=+12_RELY Pin=JK8-2
Added Pin To Net: NetName=NetJK8_3 Pin=JK8-3
Added Pin To Net: NetName=NetJK8_4 Pin=JK8-4
Added Pin To Net: NetName=NetJK8_5 Pin=JK8-5
Added Pin To Net: NetName=NetJK1_4 Pin=JP1-1
Added Pin To Net: NetName=NetJK1_3 Pin=JP1-2
Added Pin To Net: NetName=NetJK1_5 Pin=JP1-3
Added Pin To Net: NetName=NetJK2_4 Pin=JP2-1
Added Pin To Net: NetName=NetJK2_3 Pin=JP2-2
Added Pin To Net: NetName=NetJK2_5 Pin=JP2-3
Added Pin To Net: NetName=NetJK3_4 Pin=JP3-1
Added Pin To Net: NetName=NetJK3_3 Pin=JP3-2
Added Pin To Net: NetName=NetJK3_5 Pin=JP3-3
Added Pin To Net: NetName=NetJK4_4 Pin=JP4-1
Added Pin To Net: NetName=NetJK4_3 Pin=JP4-2
Added Pin To Net: NetName=NetJK4_5 Pin=JP4-3
Added Pin To Net: NetName=NetJK5_4 Pin=JP5-1
Added Pin To Net: NetName=NetJK5_3 Pin=JP5-2
Added Pin To Net: NetName=NetJK5_5 Pin=JP5-3
Added Pin To Net: NetName=NetJK6_4 Pin=JP6-1
Added Pin To Net: NetName=NetJK6_3 Pin=JP6-2
Added Pin To Net: NetName=NetJK6_5 Pin=JP6-3
Added Pin To Net: NetName=NetJK7_4 Pin=JP7-1
Added Pin To Net: NetName=NetJK7_3 Pin=JP7-2
Added Pin To Net: NetName=NetJK7_5 Pin=JP7-3
Added Pin To Net: NetName=NetJK8_4 Pin=JP8-1
Added Pin To Net: NetName=NetJK8_3 Pin=JP8-2
Added Pin To Net: NetName=NetJK8_5 Pin=JP8-3
Added Pin To Net: NetName=+12_RELY Pin=JP11-1
Added Pin To Net: NetName=GND_RELY Pin=JP11-2
Added Pin To Net: NetName=VCC Pin=JP?-1
Added Pin To Net: NetName=GND Pin=JP?-2
Added Pin To Net: NetName=NetOC1_1 Pin=OC1-1
Added Pin To Net: NetName=PD3 Pin=OC1-2
Added Pin To Net: NetName=DUL1 Pin=OC1-3
Added Pin To Net: NetName=+12_RELY Pin=OC1-4
Added Pin To Net: NetName=NetOC2_1 Pin=OC2-1
Added Pin To Net: NetName=PD6 Pin=OC2-2
Added Pin To Net: NetName=DUL2 Pin=OC2-3
Added Pin To Net: NetName=+12_RELY Pin=OC2-4
Added Pin To Net: NetName=NetOC3_1 Pin=OC3-1
Added Pin To Net: NetName=PF8 Pin=OC3-2
Added Pin To Net: NetName=DUL3 Pin=OC3-3
Added Pin To Net: NetName=+12_RELY Pin=OC3-4
Added Pin To Net: NetName=NetOC4_1 Pin=OC4-1
Added Pin To Net: NetName=PG13 Pin=OC4-2
Added Pin To Net: NetName=DUL4 Pin=OC4-3
Added Pin To Net: NetName=+12_RELY Pin=OC4-4
Added Pin To Net: NetName=NetOC5_1 Pin=OC5-1
Added Pin To Net: NetName=PG14 Pin=OC5-2
Added Pin To Net: NetName=DUL5 Pin=OC5-3
Added Pin To Net: NetName=+12_RELY Pin=OC5-4
Added Pin To Net: NetName=NetOC6_1 Pin=OC6-1
Added Pin To Net: NetName=PG15 Pin=OC6-2
Added Pin To Net: NetName=DUL6 Pin=OC6-3
Added Pin To Net: NetName=+12_RELY Pin=OC6-4
Added Pin To Net: NetName=NetOC7_1 Pin=OC7-1
Added Pin To Net: NetName=PB5 Pin=OC7-2
Added Pin To Net: NetName=DUL7 Pin=OC7-3
Added Pin To Net: NetName=+12_RELY Pin=OC7-4
Added Pin To Net: NetName=NetOC8_1 Pin=OC8-1
Added Pin To Net: NetName=PB4 Pin=OC8-2
Added Pin To Net: NetName=DUL8 Pin=OC8-3
Added Pin To Net: NetName=+12_RELY Pin=OC8-4
Added Pin To Net: NetName=PB9 Pin=P1-1
Added Pin To Net: NetName=PB7 Pin=P1-2
Added Pin To Net: NetName=PB5 Pin=P1-3
Added Pin To Net: NetName=PB3 Pin=P1-4
Added Pin To Net: NetName=PG14 Pin=P1-5
Added Pin To Net: NetName=PG12 Pin=P1-6
Added Pin To Net: NetName=PG10 Pin=P1-7
Added Pin To Net: NetName=PD7 Pin=P1-8
Added Pin To Net: NetName=PD5 Pin=P1-9
Added Pin To Net: NetName=PD3 Pin=P1-10
Added Pin To Net: NetName=PC12 Pin=P1-11
Added Pin To Net: NetName=PC10 Pin=P1-12
Added Pin To Net: NetName=PA14 Pin=P1-13
Added Pin To Net: NetName=PA8 Pin=P1-14
Added Pin To Net: NetName=PC8 Pin=P1-15
Added Pin To Net: NetName=PC6 Pin=P1-16
Added Pin To Net: NetName=PG7 Pin=P1-17
Added Pin To Net: NetName=PG5 Pin=P1-18
Added Pin To Net: NetName=PG3 Pin=P1-19
Added Pin To Net: NetName=PD13 Pin=P1-20
Added Pin To Net: NetName=PD11 Pin=P1-21
Added Pin To Net: NetName=PB14 Pin=P1-22
Added Pin To Net: NetName=GND Pin=P1-23
Added Pin To Net: NetName=PB15 Pin=P1-24
Added Pin To Net: NetName=PD12 Pin=P1-25
Added Pin To Net: NetName=PG2 Pin=P1-26
Added Pin To Net: NetName=PG4 Pin=P1-27
Added Pin To Net: NetName=PG6 Pin=P1-28
Added Pin To Net: NetName=PG8 Pin=P1-29
Added Pin To Net: NetName=PC7 Pin=P1-30
Added Pin To Net: NetName=PC9 Pin=P1-31
Added Pin To Net: NetName=PA13 Pin=P1-32
Added Pin To Net: NetName=PA15 Pin=P1-33
Added Pin To Net: NetName=PC11 Pin=P1-34
Added Pin To Net: NetName=PD2 Pin=P1-35
Added Pin To Net: NetName=PD4 Pin=P1-36
Added Pin To Net: NetName=PD6 Pin=P1-37
Added Pin To Net: NetName=PG9 Pin=P1-38
Added Pin To Net: NetName=PG11 Pin=P1-39
Added Pin To Net: NetName=PG13 Pin=P1-40
Added Pin To Net: NetName=PG15 Pin=P1-41
Added Pin To Net: NetName=PB4 Pin=P1-42
Added Pin To Net: NetName=PB6 Pin=P1-43
Added Pin To Net: NetName=PB8 Pin=P1-44
Added Pin To Net: NetName=PF1 Pin=P2-5
Added Pin To Net: NetName=PF3 Pin=P2-6
Added Pin To Net: NetName=PF5 Pin=P2-7
Added Pin To Net: NetName=PF7 Pin=P2-8
Added Pin To Net: NetName=PF9 Pin=P2-9
Added Pin To Net: NetName=PC0 Pin=P2-10
Added Pin To Net: NetName=PC2 Pin=P2-11
Added Pin To Net: NetName=PA1 Pin=P2-12
Added Pin To Net: NetName=PA4 Pin=P2-13
Added Pin To Net: NetName=PA6 Pin=P2-14
Added Pin To Net: NetName=PC4 Pin=P2-15
Added Pin To Net: NetName=PB0 Pin=P2-16
Added Pin To Net: NetName=PB2 Pin=P2-17
Added Pin To Net: NetName=PF12 Pin=P2-18
Added Pin To Net: NetName=PF14 Pin=P2-19
Added Pin To Net: NetName=PG0 Pin=P2-20
Added Pin To Net: NetName=PB13 Pin=P2-21
Added Pin To Net: NetName=GND Pin=P2-22
Added Pin To Net: NetName=PB12 Pin=P2-23
Added Pin To Net: NetName=PG1 Pin=P2-24
Added Pin To Net: NetName=PF15 Pin=P2-25
Added Pin To Net: NetName=PF13 Pin=P2-26
Added Pin To Net: NetName=PF11 Pin=P2-27
Added Pin To Net: NetName=PB1 Pin=P2-28
Added Pin To Net: NetName=PC5 Pin=P2-29
Added Pin To Net: NetName=PA7 Pin=P2-30
Added Pin To Net: NetName=PA5 Pin=P2-31
Added Pin To Net: NetName=PA0 Pin=P2-32
Added Pin To Net: NetName=PC3 Pin=P2-33
Added Pin To Net: NetName=PC1 Pin=P2-34
Added Pin To Net: NetName=PF10 Pin=P2-35
Added Pin To Net: NetName=PF8 Pin=P2-36
Added Pin To Net: NetName=PF6 Pin=P2-37
Added Pin To Net: NetName=PF4 Pin=P2-38
Added Pin To Net: NetName=PF2 Pin=P2-39
Added Pin To Net: NetName=PF0 Pin=P2-40
Added Pin To Net: NetName=PE6 Pin=P2-41
Added Pin To Net: NetName=PE4 Pin=P2-42
Added Pin To Net: NetName=PE2 Pin=P2-43
Added Pin To Net: NetName=PE0 Pin=P2-44
Added Pin To Net: NetName=NetOC1_1 Pin=R1-1
Added Pin To Net: NetName=VCC Pin=R1-2
Added Pin To Net: NetName=DUL1 Pin=R2-1
Added Pin To Net: NetName=GND_RELY Pin=R2-2
Added Pin To Net: NetName=NetOC2_1 Pin=R3-1
Added Pin To Net: NetName=VCC Pin=R3-2
Added Pin To Net: NetName=DUL2 Pin=R4-1
Added Pin To Net: NetName=GND_RELY Pin=R4-2
Added Pin To Net: NetName=XA00 Pin=R5-1
Added Pin To Net: NetName=COMX0 Pin=R5-2
Added Pin To Net: NetName=+5V Pin=R6-1
Added Pin To Net: NetName=XC00 Pin=R6-2
Added Pin To Net: NetName=NetOC3_1 Pin=R7-1
Added Pin To Net: NetName=VCC Pin=R7-2
Added Pin To Net: NetName=X00 Pin=R8-1
Added Pin To Net: NetName=XA00 Pin=R8-2
Added Pin To Net: NetName=DUL3 Pin=R9-1
Added Pin To Net: NetName=GND_RELY Pin=R9-2
Added Pin To Net: NetName=NetOC4_1 Pin=R10-1
Added Pin To Net: NetName=VCC Pin=R10-2
Added Pin To Net: NetName=DUL4 Pin=R11-1
Added Pin To Net: NetName=GND_RELY Pin=R11-2
Added Pin To Net: NetName=NetOC5_1 Pin=R12-1
Added Pin To Net: NetName=VCC Pin=R12-2
Added Pin To Net: NetName=DUL5 Pin=R13-1
Added Pin To Net: NetName=GND_RELY Pin=R13-2
Added Pin To Net: NetName=NetOC6_1 Pin=R14-1
Added Pin To Net: NetName=VCC Pin=R14-2
Added Pin To Net: NetName=DUL6 Pin=R15-1
Added Pin To Net: NetName=GND_RELY Pin=R15-2
Added Pin To Net: NetName=NetOC7_1 Pin=R16-1
Added Pin To Net: NetName=VCC Pin=R16-2
Added Pin To Net: NetName=DUL7 Pin=R17-1
Added Pin To Net: NetName=GND_RELY Pin=R17-2
Added Pin To Net: NetName=NetOC8_1 Pin=R18-1
Added Pin To Net: NetName=VCC Pin=R18-2
Added Pin To Net: NetName=DUL8 Pin=R19-1
Added Pin To Net: NetName=GND_RELY Pin=R19-2
Added Pin To Net: NetName=XA01 Pin=R20-1
Added Pin To Net: NetName=COMX0 Pin=R20-2
Added Pin To Net: NetName=+5V Pin=R21-1
Added Pin To Net: NetName=XC01 Pin=R21-2
Added Pin To Net: NetName=X01 Pin=R22-1
Added Pin To Net: NetName=XA01 Pin=R22-2
Added Pin To Net: NetName=XA14 Pin=R23-1
Added Pin To Net: NetName=X14 Pin=R23-2
Added Pin To Net: NetName=+12_RELY Pin=R24-1
Added Pin To Net: NetName=NetD4_1 Pin=R24-2
Added Pin To Net: NetName=+12_RELY Pin=R25-1
Added Pin To Net: NetName=NetD5_1 Pin=R25-2
Added Pin To Net: NetName=+12_RELY Pin=R26-1
Added Pin To Net: NetName=NetD6_1 Pin=R26-2
Added Pin To Net: NetName=+12_RELY Pin=R27-1
Added Pin To Net: NetName=NetD7_1 Pin=R27-2
Added Pin To Net: NetName=+12_RELY Pin=R28-1
Added Pin To Net: NetName=NetD8_1 Pin=R28-2
Added Pin To Net: NetName=+12_RELY Pin=R29-1
Added Pin To Net: NetName=NetD9_1 Pin=R29-2
Added Pin To Net: NetName=+12_RELY Pin=R30-1
Added Pin To Net: NetName=NetD10_1 Pin=R30-2
Added Pin To Net: NetName=+12_RELY Pin=R31-1
Added Pin To Net: NetName=NetD11_1 Pin=R31-2
Added Pin To Net: NetName=+12_RELY Pin=R32-1
Added Pin To Net: NetName=+12 Pin=R32-2
Added Pin To Net: NetName=GND_RELY Pin=R33-1
Added Pin To Net: NetName=GND Pin=R33-2
Added Pin To Net: NetName=XA10 Pin=R34-1
Added Pin To Net: NetName=X10 Pin=R34-2
Added Pin To Net: NetName=XA14 Pin=R35-1
Added Pin To Net: NetName=GND Pin=R35-2
Added Pin To Net: NetName=XA10 Pin=R36-1
Added Pin To Net: NetName=GND Pin=R36-2
Added Pin To Net: NetName=S/S_2 Pin=R37-1
Added Pin To Net: NetName=XA14 Pin=R37-2
Added Pin To Net: NetName=XA14 Pin=R38-1
Added Pin To Net: NetName=+24V Pin=R38-2
Added Pin To Net: NetName=S/S_2 Pin=R39-1
Added Pin To Net: NetName=XA10 Pin=R39-2
Added Pin To Net: NetName=XA10 Pin=R40-1
Added Pin To Net: NetName=+24V Pin=R40-2
Added Pin To Net: NetName=XA15 Pin=R41-1
Added Pin To Net: NetName=X15 Pin=R41-2
Added Pin To Net: NetName=XA11 Pin=R42-1
Added Pin To Net: NetName=X11 Pin=R42-2
Added Pin To Net: NetName=XA15 Pin=R43-1
Added Pin To Net: NetName=GND Pin=R43-2
Added Pin To Net: NetName=XA11 Pin=R44-1
Added Pin To Net: NetName=GND Pin=R44-2
Added Pin To Net: NetName=S/S_2 Pin=R45-1
Added Pin To Net: NetName=XA15 Pin=R45-2
Added Pin To Net: NetName=XA15 Pin=R46-1
Added Pin To Net: NetName=+24V Pin=R46-2
Added Pin To Net: NetName=S/S_2 Pin=R47-1
Added Pin To Net: NetName=XA11 Pin=R47-2
Added Pin To Net: NetName=XA11 Pin=R48-1
Added Pin To Net: NetName=+24V Pin=R48-2
Added Pin To Net: NetName=XA16 Pin=R49-1
Added Pin To Net: NetName=X16 Pin=R49-2
Added Pin To Net: NetName=XA12 Pin=R50-1
Added Pin To Net: NetName=X12 Pin=R50-2
Added Pin To Net: NetName=XA16 Pin=R51-1
Added Pin To Net: NetName=GND Pin=R51-2
Added Pin To Net: NetName=XA12 Pin=R52-1
Added Pin To Net: NetName=GND Pin=R52-2
Added Pin To Net: NetName=S/S_2 Pin=R53-1
Added Pin To Net: NetName=XA16 Pin=R53-2
Added Pin To Net: NetName=XA16 Pin=R54-1
Added Pin To Net: NetName=+24V Pin=R54-2
Added Pin To Net: NetName=S/S_2 Pin=R55-1
Added Pin To Net: NetName=XA12 Pin=R55-2
Added Pin To Net: NetName=XA12 Pin=R56-1
Added Pin To Net: NetName=+24V Pin=R56-2
Added Pin To Net: NetName=XA17 Pin=R57-1
Added Pin To Net: NetName=X17 Pin=R57-2
Added Pin To Net: NetName=XA13 Pin=R58-1
Added Pin To Net: NetName=X13 Pin=R58-2
Added Pin To Net: NetName=XA17 Pin=R59-1
Added Pin To Net: NetName=GND Pin=R59-2
Added Pin To Net: NetName=XA13 Pin=R60-1
Added Pin To Net: NetName=GND Pin=R60-2
Added Pin To Net: NetName=S/S_2 Pin=R61-1
Added Pin To Net: NetName=XA17 Pin=R61-2
Added Pin To Net: NetName=XA17 Pin=R62-1
Added Pin To Net: NetName=+24V Pin=R62-2
Added Pin To Net: NetName=S/S_2 Pin=R63-1
Added Pin To Net: NetName=XA13 Pin=R63-2
Added Pin To Net: NetName=XA13 Pin=R64-1
Added Pin To Net: NetName=+24V Pin=R64-2
Added Pin To Net: NetName=X00 Pin=TVS1-1
Added Pin To Net: NetName=COMX0 Pin=TVS1-2
Added Pin To Net: NetName=X01 Pin=TVS2-1
Added Pin To Net: NetName=COMX0 Pin=TVS2-2
Added Pin To Net: NetName=S/S_2 Pin=TVS3-1
Added Pin To Net: NetName=X14 Pin=TVS3-2
Added Pin To Net: NetName=S/S_2 Pin=TVS4-1
Added Pin To Net: NetName=X10 Pin=TVS4-2
Added Pin To Net: NetName=S/S_2 Pin=TVS5-1
Added Pin To Net: NetName=X15 Pin=TVS5-2
Added Pin To Net: NetName=S/S_2 Pin=TVS6-1
Added Pin To Net: NetName=X11 Pin=TVS6-2
Added Pin To Net: NetName=S/S_2 Pin=TVS7-1
Added Pin To Net: NetName=X16 Pin=TVS7-2
Added Pin To Net: NetName=S/S_2 Pin=TVS8-1
Added Pin To Net: NetName=X12 Pin=TVS8-2
Added Pin To Net: NetName=S/S_2 Pin=TVS9-1
Added Pin To Net: NetName=X17 Pin=TVS9-2
Added Pin To Net: NetName=S/S_2 Pin=TVS10-1
Added Pin To Net: NetName=X13 Pin=TVS10-2
Added Pin To Net: NetName=DUL1 Pin=U1-1
Added Pin To Net: NetName=DUL2 Pin=U1-2
Added Pin To Net: NetName=DUL3 Pin=U1-3
Added Pin To Net: NetName=DUL4 Pin=U1-4
Added Pin To Net: NetName=DUL5 Pin=U1-5
Added Pin To Net: NetName=DUL6 Pin=U1-6
Added Pin To Net: NetName=DUL7 Pin=U1-7
Added Pin To Net: NetName=DUL8 Pin=U1-8
Added Pin To Net: NetName=GND_RELY Pin=U1-9
Added Pin To Net: NetName=+12_RELY Pin=U1-10
Added Pin To Net: NetName=RELY8 Pin=U1-11
Added Pin To Net: NetName=RELY7 Pin=U1-12
Added Pin To Net: NetName=RELY6 Pin=U1-13
Added Pin To Net: NetName=RELY5 Pin=U1-14
Added Pin To Net: NetName=RELY4 Pin=U1-15
Added Pin To Net: NetName=RELY3 Pin=U1-16
Added Pin To Net: NetName=RELY2 Pin=U1-17
Added Pin To Net: NetName=RELY1 Pin=U1-18
Added Pin To Net: NetName=NC Pin=U2-1
Added Pin To Net: NetName=XA00 Pin=U2-2
Added Pin To Net: NetName=X00 Pin=U2-3
Added Pin To Net: NetName=NC Pin=U2-4
Added Pin To Net: NetName=GND Pin=U2-5
Added Pin To Net: NetName=PA0 Pin=U2-6
Added Pin To Net: NetName=XC00 Pin=U2-8
Added Pin To Net: NetName=NC Pin=U3-1
Added Pin To Net: NetName=XA01 Pin=U3-2
Added Pin To Net: NetName=X01 Pin=U3-3
Added Pin To Net: NetName=NC Pin=U3-4
Added Pin To Net: NetName=GND Pin=U3-5
Added Pin To Net: NetName=PA1 Pin=U3-6
Added Pin To Net: NetName=XC01 Pin=U3-8
Added Pin To Net: NetName=X14 Pin=U4-1
Added Pin To Net: NetName=XA14 Pin=U4-2
Added Pin To Net: NetName=GND Pin=U4-3
Added Pin To Net: NetName=PC4 Pin=U4-4
Added Pin To Net: NetName=X10 Pin=U5-1
Added Pin To Net: NetName=XA10 Pin=U5-2
Added Pin To Net: NetName=GND Pin=U5-3
Added Pin To Net: NetName=PC0 Pin=U5-4
Added Pin To Net: NetName=X15 Pin=U6-1
Added Pin To Net: NetName=XA15 Pin=U6-2
Added Pin To Net: NetName=GND Pin=U6-3
Added Pin To Net: NetName=PC5 Pin=U6-4
Added Pin To Net: NetName=X11 Pin=U7-1
Added Pin To Net: NetName=XA11 Pin=U7-2
Added Pin To Net: NetName=GND Pin=U7-3
Added Pin To Net: NetName=PC1 Pin=U7-4
Added Pin To Net: NetName=X16 Pin=U8-1
Added Pin To Net: NetName=XA16 Pin=U8-2
Added Pin To Net: NetName=GND Pin=U8-3
Added Pin To Net: NetName=PC6 Pin=U8-4
Added Pin To Net: NetName=X12 Pin=U9-1
Added Pin To Net: NetName=XA12 Pin=U9-2
Added Pin To Net: NetName=GND Pin=U9-3
Added Pin To Net: NetName=PC2 Pin=U9-4
Added Pin To Net: NetName=X17 Pin=U10-1
Added Pin To Net: NetName=XA17 Pin=U10-2
Added Pin To Net: NetName=GND Pin=U10-3
Added Pin To Net: NetName=PC7 Pin=U10-4
Added Pin To Net: NetName=X13 Pin=U11-1
Added Pin To Net: NetName=XA13 Pin=U11-2
Added Pin To Net: NetName=GND Pin=U11-3
Added Pin To Net: NetName=PC3 Pin=U11-4
Added Member To Class: ClassName=Designator Member=Component C1 100nF
Added Member To Class: ClassName=Designator Member=Component C2 104
Added Member To Class: ClassName=Designator Member=Component C3 102
Added Member To Class: ClassName=Designator Member=Component C4 104
Added Member To Class: ClassName=Designator Member=Component C5 102
Added Member To Class: ClassName=Designator Member=Component C6 104
Added Member To Class: ClassName=Designator Member=Component C7 104
Added Member To Class: ClassName=Designator Member=Component C8 104
Added Member To Class: ClassName=Designator Member=Component C9 104
Added Member To Class: ClassName=Designator Member=Component C10 104
Added Member To Class: ClassName=Designator Member=Component C11 104
Added Member To Class: ClassName=Designator Member=Component C12 104
Added Member To Class: ClassName=Designator Member=Component C13 104
Added Member To Class: ClassName=Designator Member=Component D1 DIODE
Added Member To Class: ClassName=Designator Member=Component D2 DIODE
Added Member To Class: ClassName=Designator Member=Component D4 LED
Added Member To Class: ClassName=Designator Member=Component D5 LED
Added Member To Class: ClassName=Designator Member=Component D6 LED
Added Member To Class: ClassName=Designator Member=Component D7 LED
Added Member To Class: ClassName=Designator Member=Component D8 LED
Added Member To Class: ClassName=Designator Member=Component D9 LED
Added Member To Class: ClassName=Designator Member=Component D10 LED
Added Member To Class: ClassName=Designator Member=Component D11 LED
Added Member To Class: ClassName=Designator Member=Component JK1 SRD-05VDC-SL-C
Added Member To Class: ClassName=Designator Member=Component JK2 SRD-05VDC-SL-C
Added Member To Class: ClassName=Designator Member=Component JK3 SRD-05VDC-SL-C
Added Member To Class: ClassName=Designator Member=Component JK4 SRD-05VDC-SL-C
Added Member To Class: ClassName=Designator Member=Component JK5 SRD-05VDC-SL-C
Added Member To Class: ClassName=Designator Member=Component JK6 SRD-05VDC-SL-C
Added Member To Class: ClassName=Designator Member=Component JK7 SRD-05VDC-SL-C
Added Member To Class: ClassName=Designator Member=Component JK8 SRD-05VDC-SL-C
Added Member To Class: ClassName=Designator Member=Component JP1 KF128-5.08-3P
Added Member To Class: ClassName=Designator Member=Component JP2 KF128-5.08-3P
Added Member To Class: ClassName=Designator Member=Component JP3 KF128-5.08-3P
Added Member To Class: ClassName=Designator Member=Component JP4 KF128-5.08-3P
Added Member To Class: ClassName=Designator Member=Component JP5 KF128-5.08-3P
Added Member To Class: ClassName=Designator Member=Component JP6 KF128-5.08-3P
Added Member To Class: ClassName=Designator Member=Component JP7 KF128-5.08-3P
Added Member To Class: ClassName=Designator Member=Component JP8 KF128-5.08-3P
Added Member To Class: ClassName=Designator Member=Component JP11 HF9500*2
Added Member To Class: ClassName=Designator Member=Component JP? HF9500*2
Added Member To Class: ClassName=Designator Member=Component OC1 EL817A
Added Member To Class: ClassName=Designator Member=Component OC2 EL817A
Added Member To Class: ClassName=Designator Member=Component OC3 EL817A
Added Member To Class: ClassName=Designator Member=Component OC4 EL817A
Added Member To Class: ClassName=Designator Member=Component OC5 EL817A
Added Member To Class: ClassName=Designator Member=Component OC6 EL817A
Added Member To Class: ClassName=Designator Member=Component OC7 EL817A
Added Member To Class: ClassName=Designator Member=Component OC8 EL817A
Added Member To Class: ClassName=Designator Member=Component P1 H22x2
Added Member To Class: ClassName=Designator Member=Component P2 H22x2
Added Member To Class: ClassName=Designator Member=Component R1 500R
Added Member To Class: ClassName=Designator Member=Component R2 4.7K
Added Member To Class: ClassName=Designator Member=Component R3 500R
Added Member To Class: ClassName=Designator Member=Component R4 4.7K
Added Member To Class: ClassName=Designator Member=Component R5 2K
Added Member To Class: ClassName=Designator Member=Component R6 470
Added Member To Class: ClassName=Designator Member=Component R7 500R
Added Member To Class: ClassName=Designator Member=Component R8 2K
Added Member To Class: ClassName=Designator Member=Component R9 4.7K
Added Member To Class: ClassName=Designator Member=Component R10 500R
Added Member To Class: ClassName=Designator Member=Component R11 4.7K
Added Member To Class: ClassName=Designator Member=Component R12 500R
Added Member To Class: ClassName=Designator Member=Component R13 4.7K
Added Member To Class: ClassName=Designator Member=Component R14 500R
Added Member To Class: ClassName=Designator Member=Component R15 4.7K
Added Member To Class: ClassName=Designator Member=Component R16 500R
Added Member To Class: ClassName=Designator Member=Component R17 4.7K
Added Member To Class: ClassName=Designator Member=Component R18 500R
Added Member To Class: ClassName=Designator Member=Component R19 4.7K
Added Member To Class: ClassName=Designator Member=Component R20 2K
Added Member To Class: ClassName=Designator Member=Component R21 470
Added Member To Class: ClassName=Designator Member=Component R22 2K
Added Member To Class: ClassName=Designator Member=Component R23 2K
Added Member To Class: ClassName=Designator Member=Component R24 680R
Added Member To Class: ClassName=Designator Member=Component R25 680R
Added Member To Class: ClassName=Designator Member=Component R26 680R
Added Member To Class: ClassName=Designator Member=Component R27 680R
Added Member To Class: ClassName=Designator Member=Component R28 680R
Added Member To Class: ClassName=Designator Member=Component R29 680R
Added Member To Class: ClassName=Designator Member=Component R30 680R
Added Member To Class: ClassName=Designator Member=Component R31 680R
Added Member To Class: ClassName=Designator Member=Component R32 0R JUNPER
Added Member To Class: ClassName=Designator Member=Component R33 0R JUMPER
Added Member To Class: ClassName=Designator Member=Component R34 2K
Added Member To Class: ClassName=Designator Member=Component R35 10K
Added Member To Class: ClassName=Designator Member=Component R36 10K
Added Member To Class: ClassName=Designator Member=Component R37 6.2K
Added Member To Class: ClassName=Designator Member=Component R38 10K
Added Member To Class: ClassName=Designator Member=Component R39 6.2K
Added Member To Class: ClassName=Designator Member=Component R40 10K
Added Member To Class: ClassName=Designator Member=Component R41 2K
Added Member To Class: ClassName=Designator Member=Component R42 2K
Added Member To Class: ClassName=Designator Member=Component R43 10K
Added Member To Class: ClassName=Designator Member=Component R44 10K
Added Member To Class: ClassName=Designator Member=Component R45 6.2K
Added Member To Class: ClassName=Designator Member=Component R46 10K
Added Member To Class: ClassName=Designator Member=Component R47 6.2K
Added Member To Class: ClassName=Designator Member=Component R48 10K
Added Member To Class: ClassName=Designator Member=Component R49 2K
Added Member To Class: ClassName=Designator Member=Component R50 2K
Added Member To Class: ClassName=Designator Member=Component R51 10K
Added Member To Class: ClassName=Designator Member=Component R52 10K
Added Member To Class: ClassName=Designator Member=Component R53 6.2K
Added Member To Class: ClassName=Designator Member=Component R54 10K
Added Member To Class: ClassName=Designator Member=Component R55 6.2K
Added Member To Class: ClassName=Designator Member=Component R56 10K
Added Member To Class: ClassName=Designator Member=Component R57 2K
Added Member To Class: ClassName=Designator Member=Component R58 2K
Added Member To Class: ClassName=Designator Member=Component R59 10K
Added Member To Class: ClassName=Designator Member=Component R60 10K
Added Member To Class: ClassName=Designator Member=Component R61 6.2K
Added Member To Class: ClassName=Designator Member=Component R62 10K
Added Member To Class: ClassName=Designator Member=Component R63 6.2K
Added Member To Class: ClassName=Designator Member=Component R64 10K
Added Member To Class: ClassName=Designator Member=Component TVS1
Added Member To Class: ClassName=Designator Member=Component TVS2
Added Member To Class: ClassName=Designator Member=Component TVS3
Added Member To Class: ClassName=Designator Member=Component TVS4
Added Member To Class: ClassName=Designator Member=Component TVS5
Added Member To Class: ClassName=Designator Member=Component TVS6
Added Member To Class: ClassName=Designator Member=Component TVS7
Added Member To Class: ClassName=Designator Member=Component TVS8
Added Member To Class: ClassName=Designator Member=Component TVS9
Added Member To Class: ClassName=Designator Member=Component TVS10
Added Member To Class: ClassName=Designator Member=Component U1 ULN2803A
Added Member To Class: ClassName=Designator Member=Component U2 PS8601
Added Member To Class: ClassName=Designator Member=Component U3 PS8601
Added Member To Class: ClassName=Designator Member=Component U4 PC814
Added Member To Class: ClassName=Designator Member=Component U5 PC814
Added Member To Class: ClassName=Designator Member=Component U6 PC814
Added Member To Class: ClassName=Designator Member=Component U7 PC814
Added Member To Class: ClassName=Designator Member=Component U8 PC814
Added Member To Class: ClassName=Designator Member=Component U9 PC814
Added Member To Class: ClassName=Designator Member=Component U10 PC814
Added Member To Class: ClassName=Designator Member=Component U11 PC814
Added Room: Name=Designator
Added Room: Name=Designator
Added Room: Name=Designator
