Removed Member From Class: ClassName=Designator Member=JP2
Change Component Designator: OldDesignator=D4 NewDesignator=D1
Change Component Designator: OldDesignator=D5 NewDesignator=D2
Change Component Designator: OldDesignator=D6 NewDesignator=D3
Change Component Designator: OldDesignator=D7 NewDesignator=D4
Change Component Designator: OldDesignator=D8 NewDesignator=D5
Change Component Designator: OldDesignator=D9_1 NewDesignator=D6
Change Component Designator: OldDesignator=D10_1 NewDesignator=D7
Change Component Designator: OldDesignator=D11 NewDesignator=D8
Change Component Designator: OldDesignator=JK5 NewDesignator=JK8
Change Component Designator: OldDesignator=JK6 NewDesignator=JK7
Change Component Designator: OldDesignator=JK7 NewDesignator=JK5
Change Component Designator: OldDesignator=JK8 NewDesignator=JK6
Change Component Designator: OldDesignator=JP1 NewDesignator=JP3
Change Component Designator: OldDesignator=JP2_1 NewDesignator=JP4
Change Component Designator: OldDesignator=JP3 NewDesignator=JP5
Change Component Designator: OldDesignator=JP4 NewDesignator=JP6
Change Component Designator: OldDesignator=JP5 NewDesignator=JP7
Change Component Designator: OldDesignator=JP6 NewDesignator=JP8
Change Component Designator: OldDesignator=JP7 NewDesignator=JP9
Change Component Designator: OldDesignator=JP8 NewDesignator=JP10
Change Component Designator: OldDesignator=JP11 NewDesignator=JP1
Change Component Designator: OldDesignator=R1 NewDesignator=R3
Change Component Designator: OldDesignator=R2 NewDesignator=R4
Change Component Designator: OldDesignator=R3 NewDesignator=R5
Change Component Designator: OldDesignator=R4 NewDesignator=R14
Change Component Designator: OldDesignator=R7 NewDesignator=R15
Change Component Designator: OldDesignator=R9 NewDesignator=R16
Change Component Designator: OldDesignator=R10 NewDesignator=R17
Change Component Designator: OldDesignator=R11 NewDesignator=R18
Change Component Designator: OldDesignator=R12 NewDesignator=R19
Change Component Designator: OldDesignator=R13 NewDesignator=R20
Change Component Designator: OldDesignator=R14 NewDesignator=R21
Change Component Designator: OldDesignator=R15 NewDesignator=R22
Change Component Designator: OldDesignator=R16 NewDesignator=R23
Change Component Designator: OldDesignator=R17 NewDesignator=R24
Change Component Designator: OldDesignator=R18 NewDesignator=R25
Change Component Designator: OldDesignator=R19 NewDesignator=R26
Change Component Designator: OldDesignator=R24 NewDesignator=R6
Change Component Designator: OldDesignator=R25 NewDesignator=R7
Change Component Designator: OldDesignator=R26 NewDesignator=R8
Change Component Designator: OldDesignator=R27_1 NewDesignator=R9
Change Component Designator: OldDesignator=R28_1 NewDesignator=R10
Change Component Designator: OldDesignator=R29_1 NewDesignator=R11
Change Component Designator: OldDesignator=R30_1 NewDesignator=R12
Change Component Designator: OldDesignator=R31_1 NewDesignator=R13
Change Component Designator: OldDesignator=R32_1 NewDesignator=R2
Change Component Designator: OldDesignator=R33_1 NewDesignator=R1
Added Component: Designator=J1(KF128-5.08-16P)
Added Pin To Net: NetName=GND_RELY Pin=C1-1
Added Pin To Net: NetName=+12_RELY Pin=C1-2
Added Pin To Net: NetName=NetD1_1 Pin=D1-1
Added Pin To Net: NetName=RELY1 Pin=D1-2
Added Pin To Net: NetName=NetD2_1 Pin=D2-1
Added Pin To Net: NetName=RELY2 Pin=D2-2
Added Pin To Net: NetName=NetD3_1 Pin=D3-1
Added Pin To Net: NetName=RELY3 Pin=D3-2
Added Pin To Net: NetName=NetD4_1 Pin=D4-1
Added Pin To Net: NetName=RELY4 Pin=D4-2
Added Pin To Net: NetName=NetD5_1 Pin=D5-1
Added Pin To Net: NetName=RELY5 Pin=D5-2
Added Pin To Net: NetName=NetD6_1 Pin=D6-1
Added Pin To Net: NetName=RELY6 Pin=D6-2
Added Pin To Net: NetName=NetD7_1 Pin=D7-1
Added Pin To Net: NetName=RELY7 Pin=D7-2
Added Pin To Net: NetName=NetD8_1 Pin=D8-1
Added Pin To Net: NetName=RELY8 Pin=D8-2
Added Pin To Net: NetName=X10 Pin=J1-1
Added Pin To Net: NetName=X16 Pin=J1-1
Added Pin To Net: NetName=X11 Pin=J1-3
Added Pin To Net: NetName=X17 Pin=J1-3
Added Pin To Net: NetName=X00 Pin=J1-5
Added Pin To Net: NetName=X12 Pin=J1-5
Added Pin To Net: NetName=X01 Pin=J1-7
Added Pin To Net: NetName=X13 Pin=J1-7
Added Pin To Net: NetName=X14 Pin=J1-9
Added Pin To Net: NetName=X17 Pin=J1-9
Added Pin To Net: NetName=COMX0 Pin=J1-10
Added Pin To Net: NetName=S/S_2 Pin=J1-10
Added Pin To Net: NetName=X00 Pin=J1-11
Added Pin To Net: NetName=X15 Pin=J1-11
Added Pin To Net: NetName=GND Pin=J1-14
Added Pin To Net: NetName=GND Pin=J1-14
Added Pin To Net: NetName=+24V Pin=J1-15
Added Pin To Net: NetName=+24V Pin=J1-15
Added Pin To Net: NetName=+5V Pin=J1-16
Added Pin To Net: NetName=RELY1 Pin=JK1-1
Added Pin To Net: NetName=+12_RELY Pin=JK1-2
Added Pin To Net: NetName=NetJK1_3 Pin=JK1-3
Added Pin To Net: NetName=NetJK1_4 Pin=JK1-4
Added Pin To Net: NetName=NetJK1_5 Pin=JK1-5
Added Pin To Net: NetName=RELY2 Pin=JK2-1
Added Pin To Net: NetName=+12_RELY Pin=JK2-2
Added Pin To Net: NetName=NetJK2_3 Pin=JK2-3
Added Pin To Net: NetName=NetJK2_4 Pin=JK2-4
Added Pin To Net: NetName=NetJK2_5 Pin=JK2-5
Added Pin To Net: NetName=RELY3 Pin=JK3-1
Added Pin To Net: NetName=+12_RELY Pin=JK3-2
Added Pin To Net: NetName=NetJK3_3 Pin=JK3-3
Added Pin To Net: NetName=NetJK3_4 Pin=JK3-4
Added Pin To Net: NetName=NetJK3_5 Pin=JK3-5
Added Pin To Net: NetName=RELY4 Pin=JK4-1
Added Pin To Net: NetName=+12_RELY Pin=JK4-2
Added Pin To Net: NetName=NetJK4_3 Pin=JK4-3
Added Pin To Net: NetName=NetJK4_4 Pin=JK4-4
Added Pin To Net: NetName=NetJK4_5 Pin=JK4-5
Added Pin To Net: NetName=RELY7 Pin=JK5-1
Added Pin To Net: NetName=+12_RELY Pin=JK5-2
Added Pin To Net: NetName=NetJK5_3 Pin=JK5-3
Added Pin To Net: NetName=NetJK5_4 Pin=JK5-4
Added Pin To Net: NetName=NetJK5_5 Pin=JK5-5
Added Pin To Net: NetName=RELY8 Pin=JK6-1
Added Pin To Net: NetName=+12_RELY Pin=JK6-2
Added Pin To Net: NetName=NetJK6_3 Pin=JK6-3
Added Pin To Net: NetName=NetJK6_4 Pin=JK6-4
Added Pin To Net: NetName=NetJK6_5 Pin=JK6-5
Added Pin To Net: NetName=RELY6 Pin=JK7-1
Added Pin To Net: NetName=+12_RELY Pin=JK7-2
Added Pin To Net: NetName=NetJK7_3 Pin=JK7-3
Added Pin To Net: NetName=NetJK7_4 Pin=JK7-4
Added Pin To Net: NetName=NetJK7_5 Pin=JK7-5
Added Pin To Net: NetName=RELY5 Pin=JK8-1
Added Pin To Net: NetName=+12_RELY Pin=JK8-2
Added Pin To Net: NetName=NetJK8_3 Pin=JK8-3
Added Pin To Net: NetName=NetJK8_4 Pin=JK8-4
Added Pin To Net: NetName=NetJK8_5 Pin=JK8-5
Added Pin To Net: NetName=+12_RELY Pin=JP1-1
Added Pin To Net: NetName=GND_RELY Pin=JP1-2
Added Pin To Net: NetName=NetJK1_4 Pin=JP3-1
Added Pin To Net: NetName=NetJK1_3 Pin=JP3-2
Added Pin To Net: NetName=NetJK1_5 Pin=JP3-3
Added Pin To Net: NetName=NetJK2_4 Pin=JP4-1
Added Pin To Net: NetName=NetJK2_3 Pin=JP4-2
Added Pin To Net: NetName=NetJK2_5 Pin=JP4-3
Added Pin To Net: NetName=NetJK3_4 Pin=JP5-1
Added Pin To Net: NetName=NetJK3_3 Pin=JP5-2
Added Pin To Net: NetName=NetJK3_5 Pin=JP5-3
Added Pin To Net: NetName=NetJK4_4 Pin=JP6-1
Added Pin To Net: NetName=NetJK4_3 Pin=JP6-2
Added Pin To Net: NetName=NetJK4_5 Pin=JP6-3
Added Pin To Net: NetName=NetJK8_4 Pin=JP7-1
Added Pin To Net: NetName=NetJK8_3 Pin=JP7-2
Added Pin To Net: NetName=NetJK8_5 Pin=JP7-3
Added Pin To Net: NetName=NetJK7_4 Pin=JP8-1
Added Pin To Net: NetName=NetJK7_3 Pin=JP8-2
Added Pin To Net: NetName=NetJK7_5 Pin=JP8-3
Added Pin To Net: NetName=NetJK5_4 Pin=JP9-1
Added Pin To Net: NetName=NetJK5_3 Pin=JP9-2
Added Pin To Net: NetName=NetJK5_5 Pin=JP9-3
Added Pin To Net: NetName=NetJK6_4 Pin=JP10-1
Added Pin To Net: NetName=NetJK6_3 Pin=JP10-2
Added Pin To Net: NetName=NetJK6_5 Pin=JP10-3
Added Pin To Net: NetName=NetOC1_1 Pin=OC1-1
Added Pin To Net: NetName=PD3 Pin=OC1-2
Added Pin To Net: NetName=DUL1 Pin=OC1-3
Added Pin To Net: NetName=+12_RELY Pin=OC1-4
Added Pin To Net: NetName=NetOC2_1 Pin=OC2-1
Added Pin To Net: NetName=PD6 Pin=OC2-2
Added Pin To Net: NetName=DUL2 Pin=OC2-3
Added Pin To Net: NetName=+12_RELY Pin=OC2-4
Added Pin To Net: NetName=NetOC3_1 Pin=OC3-1
Added Pin To Net: NetName=PF8 Pin=OC3-2
Added Pin To Net: NetName=DUL3 Pin=OC3-3
Added Pin To Net: NetName=+12_RELY Pin=OC3-4
Added Pin To Net: NetName=NetOC4_1 Pin=OC4-1
Added Pin To Net: NetName=PG13 Pin=OC4-2
Added Pin To Net: NetName=DUL4 Pin=OC4-3
Added Pin To Net: NetName=+12_RELY Pin=OC4-4
Added Pin To Net: NetName=NetOC5_1 Pin=OC5-1
Added Pin To Net: NetName=PG14 Pin=OC5-2
Added Pin To Net: NetName=DUL5 Pin=OC5-3
Added Pin To Net: NetName=+12_RELY Pin=OC5-4
Added Pin To Net: NetName=NetOC6_1 Pin=OC6-1
Added Pin To Net: NetName=PG15 Pin=OC6-2
Added Pin To Net: NetName=DUL6 Pin=OC6-3
Added Pin To Net: NetName=+12_RELY Pin=OC6-4
Added Pin To Net: NetName=NetOC7_1 Pin=OC7-1
Added Pin To Net: NetName=PB5 Pin=OC7-2
Added Pin To Net: NetName=DUL7 Pin=OC7-3
Added Pin To Net: NetName=+12_RELY Pin=OC7-4
Added Pin To Net: NetName=NetOC8_1 Pin=OC8-1
Added Pin To Net: NetName=PB4 Pin=OC8-2
Added Pin To Net: NetName=DUL8 Pin=OC8-3
Added Pin To Net: NetName=+12_RELY Pin=OC8-4
Added Pin To Net: NetName=GND_RELY Pin=R1-1
Added Pin To Net: NetName=GND Pin=R1-2
Added Pin To Net: NetName=+12_RELY Pin=R2-1
Added Pin To Net: NetName=+12 Pin=R2-2
Added Pin To Net: NetName=NetOC1_1 Pin=R3-1
Added Pin To Net: NetName=VCC Pin=R3-2
Added Pin To Net: NetName=DUL1 Pin=R4-1
Added Pin To Net: NetName=GND_RELY Pin=R4-2
Added Pin To Net: NetName=NetOC2_1 Pin=R5-1
Added Pin To Net: NetName=VCC Pin=R5-2
Added Pin To Net: NetName=+12_RELY Pin=R6-1
Added Pin To Net: NetName=NetD1_1 Pin=R6-2
Added Pin To Net: NetName=+12_RELY Pin=R7-1
Added Pin To Net: NetName=NetD2_1 Pin=R7-2
Added Pin To Net: NetName=+12_RELY Pin=R8-1
Added Pin To Net: NetName=NetD3_1 Pin=R8-2
Added Pin To Net: NetName=+12_RELY Pin=R9-1
Added Pin To Net: NetName=NetD4_1 Pin=R9-2
Added Pin To Net: NetName=+12_RELY Pin=R10-1
Added Pin To Net: NetName=NetD5_1 Pin=R10-2
Added Pin To Net: NetName=+12_RELY Pin=R11-1
Added Pin To Net: NetName=NetD6_1 Pin=R11-2
Added Pin To Net: NetName=+12_RELY Pin=R12-1
Added Pin To Net: NetName=NetD7_1 Pin=R12-2
Added Pin To Net: NetName=+12_RELY Pin=R13-1
Added Pin To Net: NetName=NetD8_1 Pin=R13-2
Added Pin To Net: NetName=DUL2 Pin=R14-1
Added Pin To Net: NetName=GND_RELY Pin=R14-2
Added Pin To Net: NetName=NetOC3_1 Pin=R15-1
Added Pin To Net: NetName=VCC Pin=R15-2
Added Pin To Net: NetName=DUL3 Pin=R16-1
Added Pin To Net: NetName=GND_RELY Pin=R16-2
Added Pin To Net: NetName=NetOC4_1 Pin=R17-1
Added Pin To Net: NetName=VCC Pin=R17-2
Added Pin To Net: NetName=DUL4 Pin=R18-1
Added Pin To Net: NetName=GND_RELY Pin=R18-2
Added Pin To Net: NetName=NetOC5_1 Pin=R19-1
Added Pin To Net: NetName=VCC Pin=R19-2
Added Pin To Net: NetName=DUL5 Pin=R20-1
Added Pin To Net: NetName=GND_RELY Pin=R20-2
Added Pin To Net: NetName=NetOC6_1 Pin=R21-1
Added Pin To Net: NetName=VCC Pin=R21-2
Added Pin To Net: NetName=DUL6 Pin=R22-1
Added Pin To Net: NetName=GND_RELY Pin=R22-2
Added Pin To Net: NetName=NetOC7_1 Pin=R23-1
Added Pin To Net: NetName=VCC Pin=R23-2
Added Pin To Net: NetName=DUL7 Pin=R24-1
Added Pin To Net: NetName=GND_RELY Pin=R24-2
Added Pin To Net: NetName=NetOC8_1 Pin=R25-1
Added Pin To Net: NetName=VCC Pin=R25-2
Added Pin To Net: NetName=DUL8 Pin=R26-1
Added Pin To Net: NetName=GND_RELY Pin=R26-2
Added Pin To Net: NetName=DUL1 Pin=U1-1
Added Pin To Net: NetName=DUL2 Pin=U1-2
Added Pin To Net: NetName=DUL3 Pin=U1-3
Added Pin To Net: NetName=DUL4 Pin=U1-4
Added Pin To Net: NetName=DUL5 Pin=U1-5
Added Pin To Net: NetName=DUL6 Pin=U1-6
Added Pin To Net: NetName=DUL7 Pin=U1-7
Added Pin To Net: NetName=DUL8 Pin=U1-8
Added Pin To Net: NetName=GND_RELY Pin=U1-9
Added Pin To Net: NetName=+12_RELY Pin=U1-10
Added Pin To Net: NetName=RELY8 Pin=U1-11
Added Pin To Net: NetName=RELY7 Pin=U1-12
Added Pin To Net: NetName=RELY6 Pin=U1-13
Added Pin To Net: NetName=RELY5 Pin=U1-14
Added Pin To Net: NetName=RELY4 Pin=U1-15
Added Pin To Net: NetName=RELY3 Pin=U1-16
Added Pin To Net: NetName=RELY2 Pin=U1-17
Added Pin To Net: NetName=RELY1 Pin=U1-18
Change Net Name : Old Net Name=+5V New Net Name=+3V3
Change Net Name : Old Net Name=XA13 New Net Name=NetC8_2
Added Pin To Net: NetName=+5V Pin=J1-16
Added Net: Name=+5V
Added Member To Class: ClassName=Designator Member=Component C1 100nF
Added Member To Class: ClassName=Designator Member=Component C2 104
Added Member To Class: ClassName=Designator Member=Component C3 104
Added Member To Class: ClassName=Designator Member=Component C4 104
Added Member To Class: ClassName=Designator Member=Component C5 104
Added Member To Class: ClassName=Designator Member=Component C6 104
Added Member To Class: ClassName=Designator Member=Component C7 104
Added Member To Class: ClassName=Designator Member=Component C8 104
Added Member To Class: ClassName=Designator Member=Component C9 104
Added Member To Class: ClassName=Designator Member=Component C10 104
Added Member To Class: ClassName=Designator Member=Component C11 102
Added Member To Class: ClassName=Designator Member=Component C12 104
Added Member To Class: ClassName=Designator Member=Component C13 102
Added Member To Class: ClassName=Designator Member=Component D1 LED
Added Member To Class: ClassName=Designator Member=Component D2 LED
Added Member To Class: ClassName=Designator Member=Component D3 LED
Added Member To Class: ClassName=Designator Member=Component D4 LED
Added Member To Class: ClassName=Designator Member=Component D5 LED
Added Member To Class: ClassName=Designator Member=Component D6 LED
Added Member To Class: ClassName=Designator Member=Component D7 LED
Added Member To Class: ClassName=Designator Member=Component D8 LED
Added Member To Class: ClassName=Designator Member=Component D9 DIODE
Added Member To Class: ClassName=Designator Member=Component D10 DIODE
Added Member To Class: ClassName=Designator Member=Component J1 PIN16
Added Member To Class: ClassName=Designator Member=Component J1 PIN16
Added Member To Class: ClassName=Designator Member=Component JK1 SRD-05VDC-SL-C
Added Member To Class: ClassName=Designator Member=Component JK2 SRD-05VDC-SL-C
Added Member To Class: ClassName=Designator Member=Component JK3 SRD-05VDC-SL-C
Added Member To Class: ClassName=Designator Member=Component JK4 SRD-05VDC-SL-C
Added Member To Class: ClassName=Designator Member=Component JK5 SRD-05VDC-SL-C
Added Member To Class: ClassName=Designator Member=Component JK6 SRD-05VDC-SL-C
Added Member To Class: ClassName=Designator Member=Component JK7 SRD-05VDC-SL-C
Added Member To Class: ClassName=Designator Member=Component JK8 SRD-05VDC-SL-C
Added Member To Class: ClassName=Designator Member=Component JP1 HF9500*2
Added Member To Class: ClassName=Designator Member=Component JP3 KF128-5.08-3P
Added Member To Class: ClassName=Designator Member=Component JP4 KF128-5.08-3P
Added Member To Class: ClassName=Designator Member=Component JP5 KF128-5.08-3P
Added Member To Class: ClassName=Designator Member=Component JP6 KF128-5.08-3P
Added Member To Class: ClassName=Designator Member=Component JP7 KF128-5.08-3P
Added Member To Class: ClassName=Designator Member=Component JP8 KF128-5.08-3P
Added Member To Class: ClassName=Designator Member=Component JP9 KF128-5.08-3P
Added Member To Class: ClassName=Designator Member=Component JP10 KF128-5.08-3P
Added Member To Class: ClassName=Designator Member=Component OC1 EL817A
Added Member To Class: ClassName=Designator Member=Component OC2 EL817A
Added Member To Class: ClassName=Designator Member=Component OC3 EL817A
Added Member To Class: ClassName=Designator Member=Component OC4 EL817A
Added Member To Class: ClassName=Designator Member=Component OC5 EL817A
Added Member To Class: ClassName=Designator Member=Component OC6 EL817A
Added Member To Class: ClassName=Designator Member=Component OC7 EL817A
Added Member To Class: ClassName=Designator Member=Component OC8 EL817A
Added Member To Class: ClassName=Designator Member=Component P1 H22x2
Added Member To Class: ClassName=Designator Member=Component P2 H22x2
Added Member To Class: ClassName=Designator Member=Component R1 0R JUMPER
Added Member To Class: ClassName=Designator Member=Component R2 0R JUNPER
Added Member To Class: ClassName=Designator Member=Component R3 500R
Added Member To Class: ClassName=Designator Member=Component R4 4.7K
Added Member To Class: ClassName=Designator Member=Component R5 500R
Added Member To Class: ClassName=Designator Member=Component R6 680R
Added Member To Class: ClassName=Designator Member=Component R7 680R
Added Member To Class: ClassName=Designator Member=Component R8 680R
Added Member To Class: ClassName=Designator Member=Component R9 680R
Added Member To Class: ClassName=Designator Member=Component R10 680R
Added Member To Class: ClassName=Designator Member=Component R11 680R
Added Member To Class: ClassName=Designator Member=Component R12 680R
Added Member To Class: ClassName=Designator Member=Component R13 680R
Added Member To Class: ClassName=Designator Member=Component R14 4.7K
Added Member To Class: ClassName=Designator Member=Component R15 500R
Added Member To Class: ClassName=Designator Member=Component R16 4.7K
Added Member To Class: ClassName=Designator Member=Component R17 500R
Added Member To Class: ClassName=Designator Member=Component R18 4.7K
Added Member To Class: ClassName=Designator Member=Component R19 500R
Added Member To Class: ClassName=Designator Member=Component R20 4.7K
Added Member To Class: ClassName=Designator Member=Component R21 500R
Added Member To Class: ClassName=Designator Member=Component R22 4.7K
Added Member To Class: ClassName=Designator Member=Component R23 500R
Added Member To Class: ClassName=Designator Member=Component R24 4.7K
Added Member To Class: ClassName=Designator Member=Component R25 500R
Added Member To Class: ClassName=Designator Member=Component R26 4.7K
Added Member To Class: ClassName=Designator Member=Component R27 2K
Added Member To Class: ClassName=Designator Member=Component R28 2K
Added Member To Class: ClassName=Designator Member=Component R29 10K
Added Member To Class: ClassName=Designator Member=Component R30 10K
Added Member To Class: ClassName=Designator Member=Component R31 6.2K
Added Member To Class: ClassName=Designator Member=Component R32 10K
Added Member To Class: ClassName=Designator Member=Component R33 6.2K
Added Member To Class: ClassName=Designator Member=Component R34 10K
Added Member To Class: ClassName=Designator Member=Component R35 2K
Added Member To Class: ClassName=Designator Member=Component R36 2K
Added Member To Class: ClassName=Designator Member=Component R37 10K
Added Member To Class: ClassName=Designator Member=Component R38 10K
Added Member To Class: ClassName=Designator Member=Component R39 6.2K
Added Member To Class: ClassName=Designator Member=Component R40 10K
Added Member To Class: ClassName=Designator Member=Component R41 6.2K
Added Member To Class: ClassName=Designator Member=Component R42 10K
Added Member To Class: ClassName=Designator Member=Component R43 2K
Added Member To Class: ClassName=Designator Member=Component R44 2K
Added Member To Class: ClassName=Designator Member=Component R45 10K
Added Member To Class: ClassName=Designator Member=Component R46 10K
Added Member To Class: ClassName=Designator Member=Component R47 6.2K
Added Member To Class: ClassName=Designator Member=Component R48 10K
Added Member To Class: ClassName=Designator Member=Component R49 6.2K
Added Member To Class: ClassName=Designator Member=Component R50 10K
Added Member To Class: ClassName=Designator Member=Component R51 2K
Added Member To Class: ClassName=Designator Member=Component R52 2K
Added Member To Class: ClassName=Designator Member=Component R53 10K
Added Member To Class: ClassName=Designator Member=Component R54 10K
Added Member To Class: ClassName=Designator Member=Component R55 6.2K
Added Member To Class: ClassName=Designator Member=Component R56 10K
Added Member To Class: ClassName=Designator Member=Component R57 6.2K
Added Member To Class: ClassName=Designator Member=Component R58 10K
Added Member To Class: ClassName=Designator Member=Component R59 2K
Added Member To Class: ClassName=Designator Member=Component R60 470
Added Member To Class: ClassName=Designator Member=Component R61 2K
Added Member To Class: ClassName=Designator Member=Component R62 2K
Added Member To Class: ClassName=Designator Member=Component R63 470
Added Member To Class: ClassName=Designator Member=Component R64 2K
Added Member To Class: ClassName=Designator Member=Component TVS1
Added Member To Class: ClassName=Designator Member=Component TVS2
Added Member To Class: ClassName=Designator Member=Component TVS3
Added Member To Class: ClassName=Designator Member=Component TVS4
Added Member To Class: ClassName=Designator Member=Component TVS5
Added Member To Class: ClassName=Designator Member=Component TVS6
Added Member To Class: ClassName=Designator Member=Component TVS7
Added Member To Class: ClassName=Designator Member=Component TVS8
Added Member To Class: ClassName=Designator Member=Component TVS9
Added Member To Class: ClassName=Designator Member=Component TVS10
Added Member To Class: ClassName=Designator Member=Component U1 ULN2803A
Added Member To Class: ClassName=Designator Member=Component U2 PC814
Added Member To Class: ClassName=Designator Member=Component U3 PC814
Added Member To Class: ClassName=Designator Member=Component U4 PC814
Added Member To Class: ClassName=Designator Member=Component U5 PC814
Added Member To Class: ClassName=Designator Member=Component U6 PC814
Added Member To Class: ClassName=Designator Member=Component U7 PC814
Added Member To Class: ClassName=Designator Member=Component U8 PC814
Added Member To Class: ClassName=Designator Member=Component U9 PC814
Added Member To Class: ClassName=Designator Member=Component U10 PS8601
Added Member To Class: ClassName=Designator Member=Component U11 PS8601
Change Room Name: Old Name=Designator_3 New Name=Designator
Added Room: Name=Designator
