Added Component: Designator=P1(HDR2.54-F-44P)
Added Component: Designator=P2(HDR2.54-F-44P)
Added Pin To Net: NetName=PB9 Pin=P1-1
Added Pin To Net: NetName=PB7 Pin=P1-2
Added Pin To Net: NetName=PB5 Pin=P1-3
Added Pin To Net: NetName=PB3 Pin=P1-4
Added Pin To Net: NetName=PG14 Pin=P1-5
Added Pin To Net: NetName=PG12 Pin=P1-6
Added Pin To Net: NetName=PG10 Pin=P1-7
Added Pin To Net: NetName=PD7 Pin=P1-8
Added Pin To Net: NetName=PD5 Pin=P1-9
Added Pin To Net: NetName=PD3 Pin=P1-10
Added Pin To Net: NetName=PC12 Pin=P1-11
Added Pin To Net: NetName=PC10 Pin=P1-12
Added Pin To Net: NetName=PA14 Pin=P1-13
Added Pin To Net: NetName=PA8 Pin=P1-14
Added Pin To Net: NetName=PC8 Pin=P1-15
Added Pin To Net: NetName=PC6 Pin=P1-16
Added Pin To Net: NetName=PG7 Pin=P1-17
Added Pin To Net: NetName=PG5 Pin=P1-18
Added Pin To Net: NetName=PG3 Pin=P1-19
Added Pin To Net: NetName=PD13 Pin=P1-20
Added Pin To Net: NetName=PD11 Pin=P1-21
Added Pin To Net: NetName=PB14 Pin=P1-22
Added Pin To Net: NetName=GND Pin=P1-23
Added Pin To Net: NetName=PB15 Pin=P1-24
Added Pin To Net: NetName=PD12 Pin=P1-25
Added Pin To Net: NetName=PG2 Pin=P1-26
Added Pin To Net: NetName=PG4 Pin=P1-27
Added Pin To Net: NetName=PG6 Pin=P1-28
Added Pin To Net: NetName=PG8 Pin=P1-29
Added Pin To Net: NetName=PC7 Pin=P1-30
Added Pin To Net: NetName=PC9 Pin=P1-31
Added Pin To Net: NetName=PA13 Pin=P1-32
Added Pin To Net: NetName=PA15 Pin=P1-33
Added Pin To Net: NetName=PC11 Pin=P1-34
Added Pin To Net: NetName=PD2 Pin=P1-35
Added Pin To Net: NetName=PD4 Pin=P1-36
Added Pin To Net: NetName=PD6 Pin=P1-37
Added Pin To Net: NetName=PG9 Pin=P1-38
Added Pin To Net: NetName=PG11 Pin=P1-39
Added Pin To Net: NetName=PG13 Pin=P1-40
Added Pin To Net: NetName=PG15 Pin=P1-41
Added Pin To Net: NetName=PB4 Pin=P1-42
Added Pin To Net: NetName=PB6 Pin=P1-43
Added Pin To Net: NetName=PB8 Pin=P1-44
Added Pin To Net: NetName=PF1 Pin=P2-5
Added Pin To Net: NetName=PF3 Pin=P2-6
Added Pin To Net: NetName=PF5 Pin=P2-7
Added Pin To Net: NetName=PF7 Pin=P2-8
Added Pin To Net: NetName=PF9 Pin=P2-9
Added Pin To Net: NetName=PC0 Pin=P2-10
Added Pin To Net: NetName=PC2 Pin=P2-11
Added Pin To Net: NetName=PA1 Pin=P2-12
Added Pin To Net: NetName=PA4 Pin=P2-13
Added Pin To Net: NetName=PA6 Pin=P2-14
Added Pin To Net: NetName=PC4 Pin=P2-15
Added Pin To Net: NetName=PB0 Pin=P2-16
Added Pin To Net: NetName=PB2 Pin=P2-17
Added Pin To Net: NetName=PF12 Pin=P2-18
Added Pin To Net: NetName=PF14 Pin=P2-19
Added Pin To Net: NetName=PG0 Pin=P2-20
Added Pin To Net: NetName=PB13 Pin=P2-21
Added Pin To Net: NetName=GND Pin=P2-22
Added Pin To Net: NetName=PB12 Pin=P2-23
Added Pin To Net: NetName=PG1 Pin=P2-24
Added Pin To Net: NetName=PF15 Pin=P2-25
Added Pin To Net: NetName=PF13 Pin=P2-26
Added Pin To Net: NetName=PF11 Pin=P2-27
Added Pin To Net: NetName=PB1 Pin=P2-28
Added Pin To Net: NetName=PC5 Pin=P2-29
Added Pin To Net: NetName=PA7 Pin=P2-30
Added Pin To Net: NetName=PA5 Pin=P2-31
Added Pin To Net: NetName=PA0 Pin=P2-32
Added Pin To Net: NetName=PC3 Pin=P2-33
Added Pin To Net: NetName=PC1 Pin=P2-34
Added Pin To Net: NetName=PF10 Pin=P2-35
Added Pin To Net: NetName=PF8 Pin=P2-36
Added Pin To Net: NetName=PF6 Pin=P2-37
Added Pin To Net: NetName=PF4 Pin=P2-38
Added Pin To Net: NetName=PF2 Pin=P2-39
Added Pin To Net: NetName=PF0 Pin=P2-40
Added Pin To Net: NetName=PE6 Pin=P2-41
Added Pin To Net: NetName=PE4 Pin=P2-42
Added Pin To Net: NetName=PE2 Pin=P2-43
Added Pin To Net: NetName=PE0 Pin=P2-44
Added Room: Name=Designator
Added Room: Name=Designator
Added Room: Name=Designator
