Change Component Designator: Old Designator=D4 New Designator=D1
Change Component Designator: Old Designator=D5 New Designator=D2
Change Component Designator: Old Designator=D6 New Designator=D3
Change Component Designator: Old Designator=D7 New Designator=D4
Change Component Designator: Old Designator=D8 New Designator=D5
Change Component Designator: Old Designator=D9 New Designator=D6
Change Component Designator: Old Designator=D10 New Designator=D7
Change Component Designator: Old Designator=D11 New Designator=D8
Change Component Designator: Old Designator=JK5 New Designator=JK8
Change Component Designator: Old Designator=JK6 New Designator=JK7
Change Component Designator: Old Designator=JK7 New Designator=JK5
Change Component Designator: Old Designator=JK8 New Designator=JK6
Change Component Designator: Old Designator=JP1 New Designator=JP3
Change Component Designator: Old Designator=JP2 New Designator=JP4
Change Component Designator: Old Designator=JP3 New Designator=JP5
Change Component Designator: Old Designator=JP4 New Designator=JP6
Change Component Designator: Old Designator=JP5 New Designator=JP7
Change Component Designator: Old Designator=JP6 New Designator=JP8
Change Component Designator: Old Designator=JP7 New Designator=JP9
Change Component Designator: Old Designator=JP8 New Designator=JP10
Change Component Designator: Old Designator=JP11 New Designator=JP1
Change Component Designator: Old Designator=JP? New Designator=JP2
Change Component Designator: Old Designator=R1 New Designator=R3
Change Component Designator: Old Designator=R2 New Designator=R4
Change Component Designator: Old Designator=R3 New Designator=R5
Change Component Designator: Old Designator=R4 New Designator=R14
Change Component Designator: Old Designator=R7 New Designator=R15
Change Component Designator: Old Designator=R9 New Designator=R16
Change Component Designator: Old Designator=R10 New Designator=R17
Change Component Designator: Old Designator=R11 New Designator=R18
Change Component Designator: Old Designator=R12 New Designator=R19
Change Component Designator: Old Designator=R13 New Designator=R20
Change Component Designator: Old Designator=R14 New Designator=R21
Change Component Designator: Old Designator=R15 New Designator=R22
Change Component Designator: Old Designator=R16 New Designator=R23
Change Component Designator: Old Designator=R17 New Designator=R24
Change Component Designator: Old Designator=R18 New Designator=R25
Change Component Designator: Old Designator=R19 New Designator=R26
Change Component Designator: Old Designator=R24 New Designator=R6
Change Component Designator: Old Designator=R25 New Designator=R7
Change Component Designator: Old Designator=R26 New Designator=R8
Change Component Designator: Old Designator=R27 New Designator=R9
Change Component Designator: Old Designator=R28 New Designator=R10
Change Component Designator: Old Designator=R29 New Designator=R11
Change Component Designator: Old Designator=R30 New Designator=R12
Change Component Designator: Old Designator=R31 New Designator=R13
Change Component Designator: Old Designator=R32 New Designator=R2
Change Component Designator: Old Designator=R33 New Designator=R1
