Change Component Comment : Designator=R15 Old Comment=2K New Comment=10K
Change Component Comment : Designator=R9 Old Comment=10K New Comment=2K
Added Pin To Net: NetName=NetC3_1 Pin=C3-1
Added Pin To Net: NetName=M Pin=C3-2
Added Pin To Net: NetName=X15 Pin=R9-1
Added Pin To Net: NetName=NetC3_1 Pin=R9-2
Added Pin To Net: NetName=NetC3_1 Pin=R10-1
Added Pin To Net: NetName=NetR10_2 Pin=R10-2
Added Pin To Net: NetName=+3V3 Pin=R11-1
Added Pin To Net: NetName=PC5 Pin=R11-2
Added Pin To Net: NetName=M Pin=R15-1
Added Pin To Net: NetName=NetC3_1 Pin=R15-2
Added Pin To Net: NetName=M Pin=TVS3-1
Added Pin To Net: NetName=X15 Pin=TVS3-2
Added Pin To Net: NetName=NetR10_2 Pin=U3-1
Added Pin To Net: NetName=M Pin=U3-3
Added Pin To Net: NetName=GND Pin=U3-4
Added Pin To Net: NetName=PC5 Pin=U3-6
Added Room: Name=Designator
Added Room: Name=Designator
