Change Component Designator: Old Designator=C2 New Designator=C10
Change Component Designator: Old Designator=C3 New Designator=C11
Change Component Designator: Old Designator=C4 New Designator=C12
Change Component Designator: Old Designator=C5 New Designator=C13
Change Component Designator: Old Designator=C6 New Designator=C3
Change Component Designator: Old Designator=C7 New Designator=C2
Change Component Designator: Old Designator=C8 New Designator=C5
Change Component Designator: Old Designator=C9 New Designator=C4
Change Component Designator: Old Designator=C10 New Designator=C7
Change Component Designator: Old Designator=C11 New Designator=C6
Change Component Designator: Old Designator=C12 New Designator=C9
Change Component Designator: Old Designator=C13 New Designator=C8
Change Component Designator: Old Designator=D1 New Designator=D9
Change Component Designator: Old Designator=D2 New Designator=D10
Change Component Designator: Old Designator=R5 New Designator=R59
Change Component Designator: Old Designator=R6 New Designator=R60
Change Component Designator: Old Designator=R8 New Designator=R61
Change Component Designator: Old Designator=R20 New Designator=R62
Change Component Designator: Old Designator=R21 New Designator=R63
Change Component Designator: Old Designator=R22 New Designator=R64
Change Component Designator: Old Designator=R23 New Designator=R28
Change Component Designator: Old Designator=R34 New Designator=R27
Change Component Designator: Old Designator=R35 New Designator=R30
Change Component Designator: Old Designator=R36 New Designator=R29
Change Component Designator: Old Designator=R37 New Designator=R33
Change Component Designator: Old Designator=R38 New Designator=R34
Change Component Designator: Old Designator=R39 New Designator=R31
Change Component Designator: Old Designator=R40 New Designator=R32
Change Component Designator: Old Designator=R41 New Designator=R36
Change Component Designator: Old Designator=R42 New Designator=R35
Change Component Designator: Old Designator=R43 New Designator=R38
Change Component Designator: Old Designator=R44 New Designator=R37
Change Component Designator: Old Designator=R45 New Designator=R41
Change Component Designator: Old Designator=R46 New Designator=R42
Change Component Designator: Old Designator=R47 New Designator=R39
Change Component Designator: Old Designator=R48 New Designator=R40
Change Component Designator: Old Designator=R49 New Designator=R44
Change Component Designator: Old Designator=R50 New Designator=R43
Change Component Designator: Old Designator=R51 New Designator=R46
Change Component Designator: Old Designator=R52 New Designator=R45
Change Component Designator: Old Designator=R53 New Designator=R49
Change Component Designator: Old Designator=R54 New Designator=R50
Change Component Designator: Old Designator=R55 New Designator=R47
Change Component Designator: Old Designator=R56 New Designator=R48
Change Component Designator: Old Designator=R57 New Designator=R52
Change Component Designator: Old Designator=R58 New Designator=R51
Change Component Designator: Old Designator=R59 New Designator=R54
Change Component Designator: Old Designator=R60 New Designator=R53
Change Component Designator: Old Designator=R61 New Designator=R57
Change Component Designator: Old Designator=R62 New Designator=R58
Change Component Designator: Old Designator=R63 New Designator=R55
Change Component Designator: Old Designator=R64 New Designator=R56
Change Component Designator: Old Designator=TVS1 New Designator=TVS9
Change Component Designator: Old Designator=TVS2 New Designator=TVS10
Change Component Designator: Old Designator=TVS3 New Designator=TVS2
Change Component Designator: Old Designator=TVS4 New Designator=TVS1
Change Component Designator: Old Designator=TVS5 New Designator=TVS4
Change Component Designator: Old Designator=TVS6 New Designator=TVS3
Change Component Designator: Old Designator=TVS7 New Designator=TVS6
Change Component Designator: Old Designator=TVS8 New Designator=TVS5
Change Component Designator: Old Designator=TVS9 New Designator=TVS8
Change Component Designator: Old Designator=TVS10 New Designator=TVS7
Change Component Designator: Old Designator=U2 New Designator=U10
Change Component Designator: Old Designator=U3 New Designator=U11
Change Component Designator: Old Designator=U4 New Designator=U3
Change Component Designator: Old Designator=U5 New Designator=U2
Change Component Designator: Old Designator=U6 New Designator=U5
Change Component Designator: Old Designator=U7 New Designator=U4
Change Component Designator: Old Designator=U8 New Designator=U7
Change Component Designator: Old Designator=U9 New Designator=U6
Change Component Designator: Old Designator=U10 New Designator=U9
Change Component Designator: Old Designator=U11 New Designator=U8
