Change Component Designator: Old Designator=C1 New Designator=C?
Change Component Designator: Old Designator=D1 New Designator=D?
Change Component Designator: Old Designator=D2 New Designator=D?
Change Component Designator: Old Designator=D3 New Designator=D?
Change Component Designator: Old Designator=D4 New Designator=D?
Change Component Designator: Old Designator=D5 New Designator=D?
Change Component Designator: Old Designator=D6 New Designator=D?
Change Component Designator: Old Designator=D7 New Designator=D?
Change Component Designator: Old Designator=D8 New Designator=D?
Change Component Designator: Old Designator=JK1 New Designator=JK?
Change Component Designator: Old Designator=JK2 New Designator=JK?
Change Component Designator: Old Designator=JK3 New Designator=JK?
Change Component Designator: Old Designator=JK4 New Designator=JK?
Change Component Designator: Old Designator=JK5 New Designator=JK?
Change Component Designator: Old Designator=JK6 New Designator=JK?
Change Component Designator: Old Designator=JK7 New Designator=JK?
Change Component Designator: Old Designator=JK8 New Designator=JK?
Change Component Designator: Old Designator=JP3 New Designator=JP?
Change Component Designator: Old Designator=JP3 New Designator=JP?
Change Component Designator: Old Designator=JP4 New Designator=JP?
Change Component Designator: Old Designator=JP4 New Designator=JP?
Change Component Designator: Old Designator=JP5 New Designator=JP?
Change Component Designator: Old Designator=JP6 New Designator=JP?
Change Component Designator: Old Designator=JP7 New Designator=JP?
Change Component Designator: Old Designator=JP8 New Designator=JP?
Change Component Designator: Old Designator=JP9 New Designator=JP?
Change Component Designator: Old Designator=JP10 New Designator=JP?
Change Component Designator: Old Designator=OC1 New Designator=OC?
Change Component Designator: Old Designator=OC2 New Designator=OC?
Change Component Designator: Old Designator=OC3 New Designator=OC?
Change Component Designator: Old Designator=OC4 New Designator=OC?
Change Component Designator: Old Designator=OC5 New Designator=OC?
Change Component Designator: Old Designator=OC6 New Designator=OC?
Change Component Designator: Old Designator=OC7 New Designator=OC?
Change Component Designator: Old Designator=OC8 New Designator=OC?
Change Component Designator: Old Designator=R3 New Designator=R?
Change Component Designator: Old Designator=R4 New Designator=R?
Change Component Designator: Old Designator=R5 New Designator=R?
Change Component Designator: Old Designator=R6 New Designator=R?
Change Component Designator: Old Designator=R7 New Designator=R?
Change Component Designator: Old Designator=R8 New Designator=R?
Change Component Designator: Old Designator=R9 New Designator=R?
Change Component Designator: Old Designator=R10 New Designator=R?
Change Component Designator: Old Designator=R11 New Designator=R?
Change Component Designator: Old Designator=R12 New Designator=R?
Change Component Designator: Old Designator=R13 New Designator=R?
Change Component Designator: Old Designator=R14 New Designator=R?
Change Component Designator: Old Designator=R15 New Designator=R?
Change Component Designator: Old Designator=R16 New Designator=R?
Change Component Designator: Old Designator=R17 New Designator=R?
Change Component Designator: Old Designator=R18 New Designator=R?
Change Component Designator: Old Designator=R19 New Designator=R?
Change Component Designator: Old Designator=R20 New Designator=R?
Change Component Designator: Old Designator=R21 New Designator=R?
Change Component Designator: Old Designator=R22 New Designator=R?
Change Component Designator: Old Designator=R23 New Designator=R?
Change Component Designator: Old Designator=R24 New Designator=R?
Change Component Designator: Old Designator=R25 New Designator=R?
Change Component Designator: Old Designator=R26 New Designator=R?
Change Component Designator: Old Designator=U1 New Designator=U?
